   1: Player 1 launched 78 (left 27) ships from planet 2 to planet 8
   1: Player 2 launched 79 (left 26) ships from planet 3 to planet 9
   4: Player 1 now owns planet 8
   4: Player 2 now owns planet 9
   5: Player 1 launched 35 (left 12) ships from planet 2 to planet 4
   5: Player 2 launched 26 (left 20) ships from planet 3 to planet 5
   8: Player 1 now owns planet 4
   8: Player 2 now owns planet 5
   9: Player 1 launched 24 (left 8) ships from planet 2 to planet 21
   9: Player 2 launched 16 (left 9) ships from planet 9 to planet 6
  12: Player 1 now owns planet 21
  12: Player 2 now owns planet 6
  13: Player 1 launched 27 (left 9) ships from planet 8 to planet 7
  13: Player 2 launched 57 (left 3) ships from planet 3 to planet 22
  16: Player 1 now owns planet 7
  17: Player 1 launched 36 (left 12) ships from planet 2 to planet 5
  17: Player 2 now owns planet 22
  18: Player 2 launched 29 (left 7) ships from planet 9 to planet 20
  22: Player 2 now owns planet 20
  23: Player 2 launched 45 (left 8) ships from planet 3 to planet 7
  35: Player 1 defended planet 7
  36: Player 2 launched 47 (left 34) ships from planet 6 to planet 11
  36: Player 2 defended planet 5
  37: Player 1 launched 84 (left 29) ships from planet 21 to planet 19
  38: Player 2 now owns planet 11
  39: Player 2 launched 74 (left 14) ships from planet 3 to planet 17
  42: Player 1 now owns planet 19
  43: Player 1 launched 106 (left 36) ships from planet 2 to planet 23
  46: Player 2 now owns planet 17
  47: Player 2 launched 104 (left 14) ships from planet 20 to planet 18
  47: Player 1 now owns planet 23
  48: Player 1 launched 105 (left 35) ships from planet 4 to planet 14
  52: Player 2 now owns planet 18
  53: Player 2 launched 52 (left 60) ships from planet 9 to planet 15
  54: Player 1 now owns planet 14
  55: Player 1 launched 101 (left 34) ships from planet 8 to planet 10
  57: Player 2 now owns planet 15
  57: Player 1 now owns planet 10
  58: Player 1 launched 84 (left 29) ships from planet 21 to planet 16
  58: Player 2 launched 91 (left 9) ships from planet 6 to planet 1
  63: Player 2 now owns planet 1
  64: Player 2 launched 118 (left 21) ships from planet 3 to planet 7
  69: Player 1 now owns planet 16
  70: Player 1 launched 128 (left 43) ships from planet 2 to planet 1
  76: Player 1 defended planet 7
  77: Player 2 launched 91 (left 4) ships from planet 1 to planet 8
  78: Player 1 now owns planet 1
  79: Player 1 launched 96 (left 32) ships from planet 4 to planet 13
  84: Player 1 defended planet 8
  85: Player 2 launched 203 (left 3) ships from planet 5 to planet 1
  93: Player 1 now owns planet 13
  94: Player 1 launched 141 (left 48) ships from planet 1 to planet 6
  95: Player 2 now owns planet 1
Invalid order modified - not enough ships. Max used.
  96: Player 2 launched 145 (left 0) ships from planet 1 to planet 8
  99: Player 1 now owns planet 6
 100: Player 1 launched 147 (left 50) ships from planet 21 to planet 3
 103: Player 2 now owns planet 8
 104: Player 2 launched 161 (left 43) ships from planet 11 to planet 7
 116: Player 2 now owns planet 7
 117: Player 2 launched 286 (left 0) ships from planet 3 to planet 10
 119: Player 1 now owns planet 3
 120: Player 1 launched 219 (left 74) ships from planet 2 to planet 8
 123: Player 1 now owns planet 8
 124: Player 1 launched 195 (left 66) ships from planet 10 to planet 1
 131: Player 2 now owns planet 10
 131: Player 1 now owns planet 1
 132: Player 1 launched 200 (left 67) ships from planet 19 to planet 10
 132: Player 2 launched 214 (left 83) ships from planet 9 to planet 3
 135: Player 2 now owns planet 3
 136: Player 2 launched 140 (left 230) ships from planet 20 to planet 6
 143: Player 2 defended planet 10
 143: Player 2 now owns planet 6
 144: Player 1 launched 189 (left 63) ships from planet 23 to planet 11
 144: Player 2 launched 223 (left 70) ships from planet 18 to planet 8
 162: Player 2 defended planet 11
 162: Player 2 now owns planet 8
 163: Player 1 launched 226 (left 76) ships from planet 21 to planet 7
 163: Player 2 launched 232 (left 106) ships from planet 20 to planet 1
 170: Player 1 now owns planet 7
 171: Player 1 launched 246 (left 83) ships from planet 2 to planet 10
 174: Player 2 now owns planet 1
 175: Player 2 launched 197 (left 128) ships from planet 22 to planet 14
 176: Player 1 now owns planet 10
 177: Player 1 launched 264 (left 88) ships from planet 13 to planet 17
 184: Player 1 now owns planet 17
 185: Player 1 launched 262 (left 88) ships from planet 4 to planet 8
 188: Player 1 now owns planet 8
 189: Player 1 launched 178 (left 60) ships from planet 19 to planet 5
 193: Player 2 now owns planet 14
 194: Player 2 launched 139 (left 191) ships from planet 5 to planet 17
 205: Player 2 now owns planet 17
 206: Player 2 launched 282 (left 70) ships from planet 3 to planet 8
 211: Player 2 defended planet 5
 212: Player 1 launched 216 (left 72) ships from planet 2 to planet 1
 220: Player 2 defended planet 1
 221: Player 1 launched 231 (left 77) ships from planet 21 to planet 6
 221: Player 2 now owns planet 8
 222: Player 2 launched 180 (left 173) ships from planet 9 to planet 16
 231: Player 2 now owns planet 16
 232: Player 2 launched 240 (left 26) ships from planet 6 to planet 2
 237: Player 1 now owns planet 6
 238: Player 1 launched 249 (left 83) ships from planet 13 to planet 17
 244: Player 2 now owns planet 2
 245: Player 2 launched 217 (left 60) ships from planet 11 to planet 6
 245: Player 1 now owns planet 17
 246: Player 1 launched 241 (left 81) ships from planet 10 to planet 8
 247: Player 2 now owns planet 6
 248: Player 2 launched 223 (left 223) ships from planet 20 to planet 17
 248: Player 1 now owns planet 8
 249: Player 1 launched 222 (left 75) ships from planet 7 to planet 1
 254: Player 1 now owns planet 1
 255: Player 1 launched 223 (left 75) ships from planet 4 to planet 2
 258: Player 1 now owns planet 2
 259: Player 1 launched 219 (left 74) ships from planet 23 to planet 6
 259: Player 2 now owns planet 17
 260: Player 2 launched 335 (left 5) ships from planet 3 to planet 23
 275: Player 1 now owns planet 6
 276: Player 1 launched 240 (left 81) ships from planet 19 to planet 15
 281: Player 2 now owns planet 23
 282: Player 2 launched 165 (left 188) ships from planet 9 to planet 6
 285: Player 2 now owns planet 6
 286: Player 2 launched 230 (left 3) ships from planet 15 to planet 7
 293: Player 1 now owns planet 15
 294: Player 1 launched 276 (left 93) ships from planet 21 to planet 23
 298: Player 1 now owns planet 23
 299: Player 1 launched 262 (left 88) ships from planet 2 to planet 9
 299: Player 2 now owns planet 7
 300: Player 2 launched 243 (left 188) ships from planet 20 to planet 15
 307: Player 2 now owns planet 15
 308: Player 2 launched 369 (left 193) ships from planet 18 to planet 1
 314: Player 2 defended planet 9
 315: Player 1 launched 293 (left 98) ships from planet 13 to planet 9
 320: Player 2 now owns planet 1
 321: Player 2 launched 285 (left 3) ships from planet 11 to planet 23
 330: Player 1 now owns planet 9
 331: Player 1 launched 303 (left 102) ships from planet 8 to planet 14
 335: Player 1 now owns planet 14
 336: Player 1 launched 263 (left 88) ships from planet 10 to planet 7
 338: Player 1 now owns planet 7
 339: Player 1 launched 245 (left 82) ships from planet 4 to planet 6
 339: Player 2 now owns planet 23
 340: Player 2 launched 260 (left 191) ships from planet 5 to planet 9
 343: Player 2 now owns planet 9
 344: Player 2 launched 402 (left 23) ships from planet 3 to planet 2
 354: Player 1 now owns planet 6
 355: Player 1 launched 276 (left 92) ships from planet 2 to planet 23
 359: Player 1 now owns planet 23
 360: Player 1 launched 267 (left 90) ships from planet 21 to planet 1
 360: Player 2 now owns planet 2
 361: Player 2 launched 65 (left 58) ships from planet 11 to planet 6
 363: Player 2 now owns planet 6
 364: Player 2 launched 214 (left 81) ships from planet 2 to planet 8
 367: Player 2 now owns planet 8
 368: Player 2 launched 282 (left 178) ships from planet 20 to planet 7
 371: Player 1 now owns planet 1
 372: Player 1 launched 276 (left 93) ships from planet 19 to planet 2
 377: Player 1 now owns planet 2
 378: Player 1 launched 262 (left 88) ships from planet 13 to planet 22
 384: Player 2 now owns planet 7
 385: Player 2 launched 409 (left 139) ships from planet 22 to planet 19
 392: Player 1 now owns planet 22
 393: Player 1 launched 194 (left 65) ships from planet 10 to planet 8
 395: Player 1 now owns planet 8
 396: Player 1 launched 189 (left 64) ships from planet 4 to planet 16
 407: Player 1 now owns planet 16
 408: Player 1 launched 211 (left 71) ships from planet 21 to planet 17
 410: Player 2 now owns planet 19
 411: Player 2 launched 156 (left 248) ships from planet 5 to planet 22
 416: Player 2 now owns planet 22
 417: Player 2 launched 281 (left 107) ships from planet 3 to planet 1
 422: Player 1 now owns planet 17
 423: Player 1 launched 262 (left 88) ships from planet 2 to planet 19
 425: Player 2 now owns planet 1
 426: Player 2 launched 245 (left 8) ships from planet 11 to planet 8
 428: Player 1 now owns planet 19
 429: Player 1 launched 219 (left 73) ships from planet 13 to planet 7
 438: Player 1 now owns planet 7
 439: Player 1 launched 198 (left 66) ships from planet 14 to planet 22
 440: Player 2 now owns planet 8
 441: Player 2 launched 231 (left 0) ships from planet 6 to planet 23
 457: Player 1 now owns planet 22
 457: Player 1 defended planet 23
 458: Player 1 launched 203 (left 68) ships from planet 21 to planet 1
 458: Player 2 launched 121 (left 522) ships from planet 18 to planet 22
 460: Player 2 now owns planet 22
 461: Player 2 launched 326 (left 224) ships from planet 20 to planet 10
 469: Player 2 defended planet 1
 470: Player 1 launched 242 (left 81) ships from planet 2 to planet 8
 473: Player 1 now owns planet 8
 474: Player 1 launched 231 (left 77) ships from planet 10 to planet 5
 479: Player 2 now owns planet 10
 480: Player 2 launched 353 (left 56) ships from planet 9 to planet 4
 491: Player 2 defended planet 5
 492: Player 1 launched 264 (left 88) ships from planet 4 to planet 1
 498: Player 2 now owns planet 4
 499: Player 2 launched 278 (left 239) ships from planet 3 to planet 7
 502: Player 1 now owns planet 1
 503: Player 1 launched 276 (left 93) ships from planet 13 to planet 4
 511: Player 2 now owns planet 7
 512: Player 2 launched 247 (left 437) ships from planet 18 to planet 1
 517: Player 2 defended planet 4
 518: Player 1 launched 240 (left 81) ships from planet 2 to planet 4
 521: Player 1 now owns planet 4
 522: Player 1 launched 243 (left 81) ships from planet 21 to planet 22
 524: Player 2 now owns planet 1
 525: Player 2 launched 305 (left 61) ships from planet 10 to planet 8
 527: Player 2 now owns planet 8
 528: Player 2 launched 141 (left 173) ships from planet 11 to planet 16
 535: Player 2 now owns planet 16
 536: Player 2 launched 173 (left 351) ships from planet 20 to planet 17
 546: Player 1 now owns planet 22
 547: Player 1 launched 272 (left 91) ships from planet 19 to planet 16
 547: Player 2 now owns planet 17
 548: Player 2 launched 79 (left 466) ships from planet 18 to planet 22
 550: Player 2 now owns planet 22
 551: Player 2 launched 314 (left 16) ships from planet 6 to planet 2
 556: Player 1 now owns planet 16
 557: Player 1 launched 231 (left 78) ships from planet 13 to planet 17
 563: Player 2 now owns planet 2
 564: Player 2 launched 270 (left 294) ships from planet 3 to planet 16
 564: Player 1 now owns planet 17
 565: Player 1 launched 249 (left 83) ships from planet 4 to planet 10
 570: Player 1 now owns planet 10
 571: Player 1 launched 207 (left 70) ships from planet 21 to planet 8
 575: Player 2 now owns planet 16
 575: Player 1 now owns planet 8
 576: Player 1 launched 195 (left 66) ships from planet 23 to planet 7
 576: Player 2 launched 74 (left 120) ships from planet 7 to planet 10
 578: Player 2 now owns planet 10
 579: Player 2 launched 233 (left 94) ships from planet 1 to planet 17
 583: Player 2 now owns planet 17
 584: Player 2 launched 230 (left 306) ships from planet 5 to planet 14
 586: Player 1 now owns planet 7
 587: Player 1 launched 160 (left 54) ships from planet 14 to planet 2
 594: Player 1 now owns planet 2
 595: Player 1 launched 176 (left 59) ships from planet 19 to planet 1
 602: Player 2 now owns planet 14
 603: Player 2 launched 231 (left 167) ships from planet 11 to planet 2
 607: Player 2 defended planet 1
 608: Player 1 launched 211 (left 71) ships from planet 13 to planet 14
 616: Player 1 now owns planet 14
 617: Player 1 launched 190 (left 64) ships from planet 21 to planet 10
 617: Player 2 now owns planet 2
 618: Player 2 launched 40 (left 77) ships from planet 10 to planet 14
 619: Player 2 now owns planet 14
 620: Player 2 launched 318 (left 369) ships from planet 20 to planet 4
 623: Player 1 now owns planet 10
 624: Player 1 launched 195 (left 65) ships from planet 4 to planet 2
 627: Player 1 now owns planet 2
 628: Player 1 launched 163 (left 55) ships from planet 8 to planet 9
 642: Player 2 now owns planet 4
 643: Player 2 launched 250 (left 295) ships from planet 9 to planet 7
 643: Player 2 defended planet 9
 644: Player 1 launched 161 (left 54) ships from planet 13 to planet 22
 655: Player 2 now owns planet 7
 656: Player 2 launched 237 (left 517) ships from planet 3 to planet 10
 658: Player 2 defended planet 22
 659: Player 1 launched 188 (left 63) ships from planet 19 to planet 12
 670: Player 2 now owns planet 10
 671: Player 2 launched 327 (left 36) ships from planet 15 to planet 2
 671: Player 1 now owns planet 12
 672: Player 1 launched 213 (left 71) ships from planet 21 to planet 1
 683: Player 2 defended planet 1
 684: Player 1 launched 233 (left 78) ships from planet 2 to planet 17
 686: Player 2 now owns planet 2
 687: Player 2 launched 281 (left 391) ships from planet 3 to planet 8
 695: Player 1 now owns planet 17
 696: Player 1 launched 229 (left 77) ships from planet 23 to planet 7
 702: Player 2 now owns planet 8
 703: Player 2 launched 138 (left 329) ships from planet 11 to planet 17
 706: Player 1 now owns planet 7
 707: Player 1 launched 229 (left 77) ships from planet 13 to planet 22
 712: Player 2 now owns planet 17
 713: Player 2 launched 303 (left 199) ships from planet 6 to planet 21
 721: Player 1 now owns planet 22
 722: Player 1 launched 234 (left 78) ships from planet 12 to planet 10
 729: Player 2 now owns planet 21
 730: Player 2 launched 70 (left 942) ships from planet 18 to planet 22
 732: Player 2 now owns planet 22
 733: Player 2 launched 203 (left 550) ships from planet 5 to planet 7
 739: Player 1 now owns planet 10
 740: Player 1 launched 229 (left 77) ships from planet 19 to planet 16
 748: Player 2 now owns planet 7
 749: Player 2 launched 196 (left 318) ships from planet 4 to planet 23
 749: Player 1 now owns planet 16
 750: Player 1 launched 186 (left 63) ships from planet 13 to planet 17
 754: Player 2 now owns planet 23
 755: Player 2 launched 65 (left 520) ships from planet 1 to planet 16
 757: Player 1 now owns planet 17
 758: Player 1 launched 166 (left 56) ships from planet 12 to planet 14
 759: Player 2 now owns planet 16
 760: Player 2 launched 155 (left 774) ships from planet 20 to planet 17
 771: Player 2 now owns planet 17
 772: Player 2 launched 227 (left 309) ships from planet 11 to planet 19
 777: Player 1 now owns planet 14
 778: Player 1 launched 143 (left 48) ships from planet 19 to planet 23
 780: Player 1 now owns planet 23
 781: Player 1 launched 140 (left 47) ships from planet 13 to planet 7
 789: Player 2 now owns planet 19
 790: Player 2 launched 196 (left 553) ships from planet 2 to planet 10
 790: Player 1 now owns planet 7
 791: Player 1 launched 141 (left 47) ships from planet 12 to planet 11
 795: Player 2 now owns planet 10
 796: Player 2 launched 147 (left 578) ships from planet 1 to planet 23
 800: Player 2 defended planet 11
 801: Player 1 launched 97 (left 33) ships from planet 23 to planet 22
 808: Player 2 now owns planet 23
 809: Player 2 launched 86 (left 562) ships from planet 2 to planet 7
 814: Player 2 now owns planet 7
 815: Player 2 launched 50 (left 287) ships from planet 8 to planet 14
 819: Player 2 now owns planet 14
 820: Player 2 launched 134 (left 922) ships from planet 3 to planet 13
 826: Player 2 defended planet 22
 827: Player 1 launched 173 (left 58) ships from planet 13 to planet 17
 833: Player 2 now owns planet 13
 834: Player 2 launched 145 (left 925) ships from planet 20 to planet 12
 834: Player 1 now owns planet 17
 835: Player 1 launched 167 (left 56) ships from planet 12 to planet 15
 843: Player 2 defended planet 15
 844: Player 1 launched 89 (left 30) ships from planet 17 to planet 13
 850: Player 2 now owns planet 12
 851: Player 2 launched 42 (left 811) ships from planet 1 to planet 17
 851: Player 2 defended planet 13
 852: Player 1 launched 28 (left 10) ships from planet 17 to planet 7
 855: Player 2 now owns planet 17
 858: Player 2 defended planet 7
