I'll send 105 ships from planet Planet:3, owner: 2, ships: 105 to planet Planet:1, owner: 0, ships: 91
   1: Player 2 launched 105 (left 0) ships from planet 3 to planet 1
I'll send 5 ships from planet Planet:3, owner: 2, ships: 5 to planet Planet:1, owner: 0, ships: 91
   2: Player 2 launched 5 (left 0) ships from planet 3 to planet 1
I'll send 5 ships from planet Planet:3, owner: 2, ships: 5 to planet Planet:1, owner: 0, ships: 91
   3: Player 2 launched 5 (left 0) ships from planet 3 to planet 1
I'll send 5 ships from planet Planet:3, owner: 2, ships: 5 to planet Planet:1, owner: 0, ships: 91
   4: Player 2 launched 5 (left 0) ships from planet 3 to planet 1
I'll send 5 ships from planet Planet:3, owner: 2, ships: 5 to planet Planet:1, owner: 0, ships: 91
   5: Player 2 launched 5 (left 0) ships from planet 3 to planet 1
I'll send 5 ships from planet Planet:3, owner: 2, ships: 5 to planet Planet:1, owner: 0, ships: 91
   6: Player 2 launched 5 (left 0) ships from planet 3 to planet 1
I'll send 5 ships from planet Planet:3, owner: 2, ships: 5 to planet Planet:1, owner: 0, ships: 91
   7: Player 2 launched 5 (left 0) ships from planet 3 to planet 1
I'll send 5 ships from planet Planet:3, owner: 2, ships: 5 to planet Planet:1, owner: 0, ships: 91
   8: Player 2 launched 5 (left 0) ships from planet 3 to planet 1
I'll send 5 ships from planet Planet:3, owner: 2, ships: 5 to planet Planet:1, owner: 0, ships: 91
   9: Player 2 launched 5 (left 0) ships from planet 3 to planet 1
I'll send 14 ships from planet Planet:1, owner: 2, ships: 14 to planet Planet:2, owner: 1, ships: 100
  10: Player 2 launched 14 (left 0) ships from planet 1 to planet 2
I'll send 10 ships from planet Planet:1, owner: 2, ships: 10 to planet Planet:2, owner: 1, ships: 100
  11: Player 2 launched 10 (left 0) ships from planet 1 to planet 2
I'll send 10 ships from planet Planet:1, owner: 2, ships: 10 to planet Planet:2, owner: 1, ships: 100
  12: Player 2 launched 10 (left 0) ships from planet 1 to planet 2
I'll send 10 ships from planet Planet:1, owner: 2, ships: 10 to planet Planet:2, owner: 1, ships: 100
  13: Player 2 launched 10 (left 0) ships from planet 1 to planet 2
I'll send 10 ships from planet Planet:1, owner: 2, ships: 10 to planet Planet:2, owner: 1, ships: 100
  14: Player 2 launched 10 (left 0) ships from planet 1 to planet 2
I'll send 10 ships from planet Planet:1, owner: 2, ships: 10 to planet Planet:2, owner: 1, ships: 100
  15: Player 2 launched 10 (left 0) ships from planet 1 to planet 2
I'll send 10 ships from planet Planet:1, owner: 2, ships: 10 to planet Planet:2, owner: 1, ships: 100
  16: Player 2 launched 10 (left 0) ships from planet 1 to planet 2
I'll send 10 ships from planet Planet:1, owner: 2, ships: 10 to planet Planet:2, owner: 1, ships: 185
  17: Player 2 launched 10 (left 0) ships from planet 1 to planet 2
I'll send 10 ships from planet Planet:1, owner: 2, ships: 10 to planet Planet:2, owner: 1, ships: 190
  18: Player 2 launched 10 (left 0) ships from planet 1 to planet 2
I'll send 5 ships from planet Planet:1, owner: 2, ships: 5 to planet Planet:2, owner: 1, ships: 181
  19: Player 2 launched 5 (left 0) ships from planet 1 to planet 2
I'll send 5 ships from planet Planet:1, owner: 2, ships: 5 to planet Planet:2, owner: 1, ships: 176
  20: Player 2 launched 5 (left 0) ships from planet 1 to planet 2
I'll send 5 ships from planet Planet:1, owner: 2, ships: 5 to planet Planet:2, owner: 1, ships: 171
  21: Player 2 launched 5 (left 0) ships from planet 1 to planet 2
I'll send 5 ships from planet Planet:1, owner: 2, ships: 5 to planet Planet:2, owner: 1, ships: 166
  22: Player 2 launched 5 (left 0) ships from planet 1 to planet 2
I'll send 5 ships from planet Planet:1, owner: 2, ships: 5 to planet Planet:2, owner: 1, ships: 161
  23: Player 2 launched 5 (left 0) ships from planet 1 to planet 2
I'll send 5 ships from planet Planet:1, owner: 2, ships: 5 to planet Planet:2, owner: 1, ships: 156
  24: Player 2 launched 5 (left 0) ships from planet 1 to planet 2
I'll send 5 ships from planet Planet:1, owner: 2, ships: 5 to planet Planet:2, owner: 1, ships: 151
  25: Player 2 launched 5 (left 0) ships from planet 1 to planet 2
I'll send 5 ships from planet Planet:1, owner: 2, ships: 5 to planet Planet:2, owner: 1, ships: 146
  26: Player 2 launched 5 (left 0) ships from planet 1 to planet 2
I'll send 5 ships from planet Planet:1, owner: 2, ships: 5 to planet Planet:2, owner: 1, ships: 141
  27: Player 2 launched 5 (left 0) ships from planet 1 to planet 2
I'll send 5 ships from planet Planet:1, owner: 2, ships: 5 to planet Planet:2, owner: 1, ships: 141
  28: Player 2 launched 5 (left 0) ships from planet 1 to planet 2
I'll send 5 ships from planet Planet:1, owner: 2, ships: 5 to planet Planet:2, owner: 1, ships: 141
  29: Player 2 launched 5 (left 0) ships from planet 1 to planet 2
I'll send 5 ships from planet Planet:1, owner: 2, ships: 5 to planet Planet:2, owner: 1, ships: 141
  30: Player 2 launched 5 (left 0) ships from planet 1 to planet 2
I'll send 5 ships from planet Planet:1, owner: 2, ships: 5 to planet Planet:2, owner: 1, ships: 141
  31: Player 2 launched 5 (left 0) ships from planet 1 to planet 2
I'll send 5 ships from planet Planet:1, owner: 2, ships: 5 to planet Planet:2, owner: 1, ships: 141
  32: Player 2 launched 5 (left 0) ships from planet 1 to planet 2
I'll send 5 ships from planet Planet:1, owner: 2, ships: 5 to planet Planet:2, owner: 1, ships: 141
  33: Player 2 launched 5 (left 0) ships from planet 1 to planet 2
I'll send 5 ships from planet Planet:1, owner: 2, ships: 5 to planet Planet:2, owner: 1, ships: 141
  34: Player 2 launched 5 (left 0) ships from planet 1 to planet 2
I'll send 5 ships from planet Planet:1, owner: 2, ships: 5 to planet Planet:2, owner: 1, ships: 141
  35: Player 2 launched 5 (left 0) ships from planet 1 to planet 2
I'll send 5 ships from planet Planet:1, owner: 2, ships: 5 to planet Planet:2, owner: 1, ships: 141
  36: Player 2 launched 5 (left 0) ships from planet 1 to planet 2
I'll send 5 ships from planet Planet:1, owner: 2, ships: 5 to planet Planet:2, owner: 1, ships: 141
  37: Player 2 launched 5 (left 0) ships from planet 1 to planet 2
I'll send 5 ships from planet Planet:1, owner: 2, ships: 5 to planet Planet:2, owner: 1, ships: 141
  38: Player 2 launched 5 (left 0) ships from planet 1 to planet 2
I'll send 5 ships from planet Planet:1, owner: 2, ships: 5 to planet Planet:2, owner: 1, ships: 141
  39: Player 2 launched 5 (left 0) ships from planet 1 to planet 2
I'll send 5 ships from planet Planet:1, owner: 2, ships: 5 to planet Planet:2, owner: 1, ships: 141
  40: Player 2 launched 5 (left 0) ships from planet 1 to planet 2
I'll send 5 ships from planet Planet:1, owner: 2, ships: 5 to planet Planet:2, owner: 1, ships: 141
  41: Player 2 launched 5 (left 0) ships from planet 1 to planet 2
I'll send 5 ships from planet Planet:1, owner: 2, ships: 5 to planet Planet:2, owner: 1, ships: 141
  42: Player 2 launched 5 (left 0) ships from planet 1 to planet 2
I'll send 5 ships from planet Planet:1, owner: 2, ships: 5 to planet Planet:2, owner: 1, ships: 141
  43: Player 2 launched 5 (left 0) ships from planet 1 to planet 2
I'll send 5 ships from planet Planet:1, owner: 2, ships: 5 to planet Planet:2, owner: 1, ships: 141
  44: Player 2 launched 5 (left 0) ships from planet 1 to planet 2
I'll send 5 ships from planet Planet:1, owner: 2, ships: 5 to planet Planet:2, owner: 1, ships: 141
  45: Player 2 launched 5 (left 0) ships from planet 1 to planet 2
I'll send 5 ships from planet Planet:1, owner: 2, ships: 5 to planet Planet:2, owner: 1, ships: 141
  46: Player 2 launched 5 (left 0) ships from planet 1 to planet 2
I'll send 5 ships from planet Planet:1, owner: 2, ships: 5 to planet Planet:2, owner: 1, ships: 141
  47: Player 2 launched 5 (left 0) ships from planet 1 to planet 2
I'll send 5 ships from planet Planet:1, owner: 2, ships: 5 to planet Planet:2, owner: 1, ships: 141
  48: Player 2 launched 5 (left 0) ships from planet 1 to planet 2
I'll send 5 ships from planet Planet:1, owner: 2, ships: 5 to planet Planet:2, owner: 1, ships: 141
  49: Player 2 launched 5 (left 0) ships from planet 1 to planet 2
I'll send 5 ships from planet Planet:1, owner: 2, ships: 5 to planet Planet:2, owner: 1, ships: 141
  50: Player 2 launched 5 (left 0) ships from planet 1 to planet 2
I'll send 5 ships from planet Planet:1, owner: 2, ships: 5 to planet Planet:2, owner: 1, ships: 141
  51: Player 2 launched 5 (left 0) ships from planet 1 to planet 2
I'll send 5 ships from planet Planet:1, owner: 2, ships: 5 to planet Planet:2, owner: 1, ships: 141
  52: Player 2 launched 5 (left 0) ships from planet 1 to planet 2
I'll send 5 ships from planet Planet:1, owner: 2, ships: 5 to planet Planet:2, owner: 1, ships: 141
  53: Player 2 launched 5 (left 0) ships from planet 1 to planet 2
I'll send 5 ships from planet Planet:1, owner: 2, ships: 5 to planet Planet:2, owner: 1, ships: 141
  54: Player 2 launched 5 (left 0) ships from planet 1 to planet 2
I'll send 5 ships from planet Planet:1, owner: 2, ships: 5 to planet Planet:2, owner: 1, ships: 141
  55: Player 2 launched 5 (left 0) ships from planet 1 to planet 2
I'll send 5 ships from planet Planet:1, owner: 2, ships: 5 to planet Planet:2, owner: 1, ships: 141
  56: Player 2 launched 5 (left 0) ships from planet 1 to planet 2
I'll send 5 ships from planet Planet:1, owner: 2, ships: 5 to planet Planet:2, owner: 1, ships: 141
  57: Player 2 launched 5 (left 0) ships from planet 1 to planet 2
I'll send 5 ships from planet Planet:1, owner: 2, ships: 5 to planet Planet:2, owner: 1, ships: 141
  58: Player 2 launched 5 (left 0) ships from planet 1 to planet 2
I'll send 5 ships from planet Planet:1, owner: 2, ships: 5 to planet Planet:2, owner: 1, ships: 141
  59: Player 2 launched 5 (left 0) ships from planet 1 to planet 2
I'll send 5 ships from planet Planet:1, owner: 2, ships: 5 to planet Planet:2, owner: 1, ships: 141
  60: Player 2 launched 5 (left 0) ships from planet 1 to planet 2
I'll send 5 ships from planet Planet:1, owner: 2, ships: 5 to planet Planet:2, owner: 1, ships: 141
  61: Player 2 launched 5 (left 0) ships from planet 1 to planet 2
I'll send 5 ships from planet Planet:1, owner: 2, ships: 5 to planet Planet:2, owner: 1, ships: 141
  62: Player 2 launched 5 (left 0) ships from planet 1 to planet 2
I'll send 5 ships from planet Planet:1, owner: 2, ships: 5 to planet Planet:2, owner: 1, ships: 141
  63: Player 2 launched 5 (left 0) ships from planet 1 to planet 2
I'll send 5 ships from planet Planet:1, owner: 2, ships: 5 to planet Planet:2, owner: 1, ships: 141
  64: Player 2 launched 5 (left 0) ships from planet 1 to planet 2
I'll send 5 ships from planet Planet:1, owner: 2, ships: 5 to planet Planet:2, owner: 1, ships: 141
  65: Player 2 launched 5 (left 0) ships from planet 1 to planet 2
I'll send 5 ships from planet Planet:1, owner: 2, ships: 5 to planet Planet:2, owner: 1, ships: 141
  66: Player 2 launched 5 (left 0) ships from planet 1 to planet 2
I'll send 5 ships from planet Planet:1, owner: 2, ships: 5 to planet Planet:2, owner: 1, ships: 141
  67: Player 2 launched 5 (left 0) ships from planet 1 to planet 2
I'll send 5 ships from planet Planet:1, owner: 2, ships: 5 to planet Planet:2, owner: 1, ships: 141
  68: Player 2 launched 5 (left 0) ships from planet 1 to planet 2
I'll send 5 ships from planet Planet:1, owner: 2, ships: 5 to planet Planet:2, owner: 1, ships: 141
  69: Player 2 launched 5 (left 0) ships from planet 1 to planet 2
I'll send 5 ships from planet Planet:1, owner: 2, ships: 5 to planet Planet:2, owner: 1, ships: 141
  70: Player 2 launched 5 (left 0) ships from planet 1 to planet 2
I'll send 5 ships from planet Planet:1, owner: 2, ships: 5 to planet Planet:2, owner: 1, ships: 141
  71: Player 2 launched 5 (left 0) ships from planet 1 to planet 2
I'll send 5 ships from planet Planet:1, owner: 2, ships: 5 to planet Planet:2, owner: 1, ships: 141
  72: Player 2 launched 5 (left 0) ships from planet 1 to planet 2
I'll send 5 ships from planet Planet:1, owner: 2, ships: 5 to planet Planet:2, owner: 1, ships: 141
  73: Player 2 launched 5 (left 0) ships from planet 1 to planet 2
I'll send 5 ships from planet Planet:1, owner: 2, ships: 5 to planet Planet:2, owner: 1, ships: 141
  74: Player 2 launched 5 (left 0) ships from planet 1 to planet 2
I'll send 5 ships from planet Planet:1, owner: 2, ships: 5 to planet Planet:2, owner: 1, ships: 141
  75: Player 2 launched 5 (left 0) ships from planet 1 to planet 2
I'll send 5 ships from planet Planet:1, owner: 2, ships: 5 to planet Planet:2, owner: 1, ships: 141
  76: Player 2 launched 5 (left 0) ships from planet 1 to planet 2
I'll send 5 ships from planet Planet:1, owner: 2, ships: 5 to planet Planet:2, owner: 1, ships: 141
  77: Player 2 launched 5 (left 0) ships from planet 1 to planet 2
I'll send 5 ships from planet Planet:1, owner: 2, ships: 5 to planet Planet:2, owner: 1, ships: 141
  78: Player 2 launched 5 (left 0) ships from planet 1 to planet 2
I'll send 5 ships from planet Planet:1, owner: 2, ships: 5 to planet Planet:2, owner: 1, ships: 141
  79: Player 2 launched 5 (left 0) ships from planet 1 to planet 2
I'll send 5 ships from planet Planet:1, owner: 2, ships: 5 to planet Planet:2, owner: 1, ships: 141
  80: Player 2 launched 5 (left 0) ships from planet 1 to planet 2
I'll send 5 ships from planet Planet:1, owner: 2, ships: 5 to planet Planet:2, owner: 1, ships: 141
  81: Player 2 launched 5 (left 0) ships from planet 1 to planet 2
I'll send 5 ships from planet Planet:1, owner: 2, ships: 5 to planet Planet:2, owner: 1, ships: 141
  82: Player 2 launched 5 (left 0) ships from planet 1 to planet 2
I'll send 5 ships from planet Planet:1, owner: 2, ships: 5 to planet Planet:2, owner: 1, ships: 141
  83: Player 2 launched 5 (left 0) ships from planet 1 to planet 2
I'll send 5 ships from planet Planet:1, owner: 2, ships: 5 to planet Planet:2, owner: 1, ships: 141
  84: Player 2 launched 5 (left 0) ships from planet 1 to planet 2
I'll send 5 ships from planet Planet:1, owner: 2, ships: 5 to planet Planet:2, owner: 1, ships: 141
  85: Player 2 launched 5 (left 0) ships from planet 1 to planet 2
I'll send 5 ships from planet Planet:1, owner: 2, ships: 5 to planet Planet:2, owner: 1, ships: 141
  86: Player 2 launched 5 (left 0) ships from planet 1 to planet 2
I'll send 5 ships from planet Planet:1, owner: 2, ships: 5 to planet Planet:2, owner: 1, ships: 141
  87: Player 2 launched 5 (left 0) ships from planet 1 to planet 2
I'll send 5 ships from planet Planet:1, owner: 2, ships: 5 to planet Planet:2, owner: 1, ships: 141
  88: Player 2 launched 5 (left 0) ships from planet 1 to planet 2
I'll send 5 ships from planet Planet:1, owner: 2, ships: 5 to planet Planet:2, owner: 1, ships: 141
  89: Player 2 launched 5 (left 0) ships from planet 1 to planet 2
I'll send 5 ships from planet Planet:1, owner: 2, ships: 5 to planet Planet:2, owner: 1, ships: 141
  90: Player 2 launched 5 (left 0) ships from planet 1 to planet 2
I'll send 5 ships from planet Planet:1, owner: 2, ships: 5 to planet Planet:2, owner: 1, ships: 141
  91: Player 2 launched 5 (left 0) ships from planet 1 to planet 2
I'll send 5 ships from planet Planet:1, owner: 2, ships: 5 to planet Planet:2, owner: 1, ships: 141
  92: Player 2 launched 5 (left 0) ships from planet 1 to planet 2
I'll send 5 ships from planet Planet:1, owner: 2, ships: 5 to planet Planet:2, owner: 1, ships: 141
  93: Player 2 launched 5 (left 0) ships from planet 1 to planet 2
I'll send 5 ships from planet Planet:1, owner: 2, ships: 5 to planet Planet:2, owner: 1, ships: 141
  94: Player 2 launched 5 (left 0) ships from planet 1 to planet 2
I'll send 5 ships from planet Planet:1, owner: 2, ships: 5 to planet Planet:2, owner: 1, ships: 141
  95: Player 2 launched 5 (left 0) ships from planet 1 to planet 2
I'll send 5 ships from planet Planet:1, owner: 2, ships: 5 to planet Planet:2, owner: 1, ships: 141
  96: Player 2 launched 5 (left 0) ships from planet 1 to planet 2
I'll send 5 ships from planet Planet:1, owner: 2, ships: 5 to planet Planet:2, owner: 1, ships: 141
  97: Player 2 launched 5 (left 0) ships from planet 1 to planet 2
I'll send 5 ships from planet Planet:1, owner: 2, ships: 5 to planet Planet:2, owner: 1, ships: 141
  98: Player 2 launched 5 (left 0) ships from planet 1 to planet 2
I'll send 5 ships from planet Planet:1, owner: 2, ships: 5 to planet Planet:2, owner: 1, ships: 141
  99: Player 2 launched 5 (left 0) ships from planet 1 to planet 2
I'll send 5 ships from planet Planet:1, owner: 2, ships: 5 to planet Planet:2, owner: 1, ships: 141
 100: Player 2 launched 5 (left 0) ships from planet 1 to planet 2
I'll send 5 ships from planet Planet:1, owner: 2, ships: 5 to planet Planet:2, owner: 1, ships: 141
 101: Player 2 launched 5 (left 0) ships from planet 1 to planet 2
I'll send 5 ships from planet Planet:1, owner: 2, ships: 5 to planet Planet:2, owner: 1, ships: 141
 102: Player 2 launched 5 (left 0) ships from planet 1 to planet 2
I'll send 5 ships from planet Planet:1, owner: 2, ships: 5 to planet Planet:2, owner: 1, ships: 141
 103: Player 2 launched 5 (left 0) ships from planet 1 to planet 2
I'll send 5 ships from planet Planet:1, owner: 2, ships: 5 to planet Planet:2, owner: 1, ships: 141
 104: Player 2 launched 5 (left 0) ships from planet 1 to planet 2
I'll send 5 ships from planet Planet:1, owner: 2, ships: 5 to planet Planet:2, owner: 1, ships: 141
 105: Player 2 launched 5 (left 0) ships from planet 1 to planet 2
I'll send 5 ships from planet Planet:1, owner: 2, ships: 5 to planet Planet:2, owner: 1, ships: 141
 106: Player 2 launched 5 (left 0) ships from planet 1 to planet 2
I'll send 5 ships from planet Planet:1, owner: 2, ships: 5 to planet Planet:2, owner: 1, ships: 141
 107: Player 2 launched 5 (left 0) ships from planet 1 to planet 2
I'll send 5 ships from planet Planet:1, owner: 2, ships: 5 to planet Planet:2, owner: 1, ships: 141
 108: Player 2 launched 5 (left 0) ships from planet 1 to planet 2
I'll send 5 ships from planet Planet:1, owner: 2, ships: 5 to planet Planet:2, owner: 1, ships: 141
 109: Player 2 launched 5 (left 0) ships from planet 1 to planet 2
I'll send 5 ships from planet Planet:1, owner: 2, ships: 5 to planet Planet:2, owner: 1, ships: 141
 110: Player 2 launched 5 (left 0) ships from planet 1 to planet 2
I'll send 5 ships from planet Planet:1, owner: 2, ships: 5 to planet Planet:2, owner: 1, ships: 141
 111: Player 2 launched 5 (left 0) ships from planet 1 to planet 2
I'll send 5 ships from planet Planet:1, owner: 2, ships: 5 to planet Planet:2, owner: 1, ships: 141
 112: Player 2 launched 5 (left 0) ships from planet 1 to planet 2
I'll send 5 ships from planet Planet:1, owner: 2, ships: 5 to planet Planet:2, owner: 1, ships: 141
 113: Player 2 launched 5 (left 0) ships from planet 1 to planet 2
I'll send 5 ships from planet Planet:1, owner: 2, ships: 5 to planet Planet:2, owner: 1, ships: 141
 114: Player 2 launched 5 (left 0) ships from planet 1 to planet 2
I'll send 5 ships from planet Planet:1, owner: 2, ships: 5 to planet Planet:2, owner: 1, ships: 141
 115: Player 2 launched 5 (left 0) ships from planet 1 to planet 2
I'll send 5 ships from planet Planet:1, owner: 2, ships: 5 to planet Planet:2, owner: 1, ships: 141
 116: Player 2 launched 5 (left 0) ships from planet 1 to planet 2
I'll send 5 ships from planet Planet:1, owner: 2, ships: 5 to planet Planet:2, owner: 1, ships: 141
 117: Player 2 launched 5 (left 0) ships from planet 1 to planet 2
I'll send 5 ships from planet Planet:1, owner: 2, ships: 5 to planet Planet:2, owner: 1, ships: 141
 118: Player 2 launched 5 (left 0) ships from planet 1 to planet 2
I'll send 5 ships from planet Planet:1, owner: 2, ships: 5 to planet Planet:2, owner: 1, ships: 141
 119: Player 2 launched 5 (left 0) ships from planet 1 to planet 2
I'll send 5 ships from planet Planet:1, owner: 2, ships: 5 to planet Planet:2, owner: 1, ships: 141
 120: Player 2 launched 5 (left 0) ships from planet 1 to planet 2
I'll send 5 ships from planet Planet:1, owner: 2, ships: 5 to planet Planet:2, owner: 1, ships: 141
 121: Player 2 launched 5 (left 0) ships from planet 1 to planet 2
I'll send 5 ships from planet Planet:1, owner: 2, ships: 5 to planet Planet:2, owner: 1, ships: 141
 122: Player 2 launched 5 (left 0) ships from planet 1 to planet 2
I'll send 5 ships from planet Planet:1, owner: 2, ships: 5 to planet Planet:2, owner: 1, ships: 141
 123: Player 2 launched 5 (left 0) ships from planet 1 to planet 2
I'll send 5 ships from planet Planet:1, owner: 2, ships: 5 to planet Planet:2, owner: 1, ships: 141
 124: Player 2 launched 5 (left 0) ships from planet 1 to planet 2
I'll send 5 ships from planet Planet:1, owner: 2, ships: 5 to planet Planet:2, owner: 1, ships: 141
 125: Player 2 launched 5 (left 0) ships from planet 1 to planet 2
I'll send 5 ships from planet Planet:1, owner: 2, ships: 5 to planet Planet:2, owner: 1, ships: 141
 126: Player 2 launched 5 (left 0) ships from planet 1 to planet 2
I'll send 5 ships from planet Planet:1, owner: 2, ships: 5 to planet Planet:2, owner: 1, ships: 141
 127: Player 2 launched 5 (left 0) ships from planet 1 to planet 2
I'll send 5 ships from planet Planet:1, owner: 2, ships: 5 to planet Planet:2, owner: 1, ships: 141
 128: Player 2 launched 5 (left 0) ships from planet 1 to planet 2
I'll send 5 ships from planet Planet:1, owner: 2, ships: 5 to planet Planet:2, owner: 1, ships: 141
 129: Player 2 launched 5 (left 0) ships from planet 1 to planet 2
I'll send 5 ships from planet Planet:1, owner: 2, ships: 5 to planet Planet:2, owner: 1, ships: 141
 130: Player 2 launched 5 (left 0) ships from planet 1 to planet 2
I'll send 5 ships from planet Planet:1, owner: 2, ships: 5 to planet Planet:2, owner: 1, ships: 141
 131: Player 2 launched 5 (left 0) ships from planet 1 to planet 2
I'll send 5 ships from planet Planet:1, owner: 2, ships: 5 to planet Planet:2, owner: 1, ships: 141
 132: Player 2 launched 5 (left 0) ships from planet 1 to planet 2
I'll send 5 ships from planet Planet:1, owner: 2, ships: 5 to planet Planet:2, owner: 1, ships: 141
 133: Player 2 launched 5 (left 0) ships from planet 1 to planet 2
I'll send 5 ships from planet Planet:1, owner: 2, ships: 5 to planet Planet:2, owner: 1, ships: 141
 134: Player 2 launched 5 (left 0) ships from planet 1 to planet 2
I'll send 5 ships from planet Planet:1, owner: 2, ships: 5 to planet Planet:2, owner: 1, ships: 141
 135: Player 2 launched 5 (left 0) ships from planet 1 to planet 2
I'll send 5 ships from planet Planet:1, owner: 2, ships: 5 to planet Planet:2, owner: 1, ships: 141
 136: Player 2 launched 5 (left 0) ships from planet 1 to planet 2
I'll send 5 ships from planet Planet:1, owner: 2, ships: 5 to planet Planet:2, owner: 1, ships: 141
 137: Player 2 launched 5 (left 0) ships from planet 1 to planet 2
I'll send 5 ships from planet Planet:1, owner: 2, ships: 5 to planet Planet:2, owner: 1, ships: 141
 138: Player 2 launched 5 (left 0) ships from planet 1 to planet 2
I'll send 5 ships from planet Planet:1, owner: 2, ships: 5 to planet Planet:2, owner: 1, ships: 141
 139: Player 2 launched 5 (left 0) ships from planet 1 to planet 2
I'll send 5 ships from planet Planet:1, owner: 2, ships: 5 to planet Planet:2, owner: 1, ships: 141
 140: Player 2 launched 5 (left 0) ships from planet 1 to planet 2
I'll send 5 ships from planet Planet:1, owner: 2, ships: 5 to planet Planet:2, owner: 1, ships: 141
 141: Player 2 launched 5 (left 0) ships from planet 1 to planet 2
I'll send 5 ships from planet Planet:1, owner: 2, ships: 5 to planet Planet:2, owner: 1, ships: 141
 142: Player 2 launched 5 (left 0) ships from planet 1 to planet 2
I'll send 5 ships from planet Planet:1, owner: 2, ships: 5 to planet Planet:2, owner: 1, ships: 141
 143: Player 2 launched 5 (left 0) ships from planet 1 to planet 2
I'll send 5 ships from planet Planet:1, owner: 2, ships: 5 to planet Planet:2, owner: 1, ships: 141
 144: Player 2 launched 5 (left 0) ships from planet 1 to planet 2
I'll send 5 ships from planet Planet:1, owner: 2, ships: 5 to planet Planet:2, owner: 1, ships: 141
 145: Player 2 launched 5 (left 0) ships from planet 1 to planet 2
I'll send 5 ships from planet Planet:1, owner: 2, ships: 5 to planet Planet:2, owner: 1, ships: 141
 146: Player 2 launched 5 (left 0) ships from planet 1 to planet 2
I'll send 5 ships from planet Planet:1, owner: 2, ships: 5 to planet Planet:2, owner: 1, ships: 141
 147: Player 2 launched 5 (left 0) ships from planet 1 to planet 2
I'll send 5 ships from planet Planet:1, owner: 2, ships: 5 to planet Planet:2, owner: 1, ships: 141
 148: Player 2 launched 5 (left 0) ships from planet 1 to planet 2
I'll send 5 ships from planet Planet:1, owner: 2, ships: 5 to planet Planet:2, owner: 1, ships: 141
 149: Player 2 launched 5 (left 0) ships from planet 1 to planet 2
I'll send 5 ships from planet Planet:1, owner: 2, ships: 5 to planet Planet:2, owner: 1, ships: 141
 150: Player 2 launched 5 (left 0) ships from planet 1 to planet 2
I'll send 5 ships from planet Planet:1, owner: 2, ships: 5 to planet Planet:2, owner: 1, ships: 141
 151: Player 2 launched 5 (left 0) ships from planet 1 to planet 2
I'll send 5 ships from planet Planet:1, owner: 2, ships: 5 to planet Planet:2, owner: 1, ships: 141
 152: Player 2 launched 5 (left 0) ships from planet 1 to planet 2
I'll send 5 ships from planet Planet:1, owner: 2, ships: 5 to planet Planet:2, owner: 1, ships: 141
 153: Player 2 launched 5 (left 0) ships from planet 1 to planet 2
I'll send 5 ships from planet Planet:1, owner: 2, ships: 5 to planet Planet:2, owner: 1, ships: 141
 154: Player 2 launched 5 (left 0) ships from planet 1 to planet 2
I'll send 5 ships from planet Planet:1, owner: 2, ships: 5 to planet Planet:2, owner: 1, ships: 141
 155: Player 2 launched 5 (left 0) ships from planet 1 to planet 2
I'll send 5 ships from planet Planet:1, owner: 2, ships: 5 to planet Planet:2, owner: 1, ships: 141
 156: Player 2 launched 5 (left 0) ships from planet 1 to planet 2
I'll send 5 ships from planet Planet:1, owner: 2, ships: 5 to planet Planet:2, owner: 1, ships: 141
 157: Player 2 launched 5 (left 0) ships from planet 1 to planet 2
I'll send 5 ships from planet Planet:1, owner: 2, ships: 5 to planet Planet:2, owner: 1, ships: 141
 158: Player 2 launched 5 (left 0) ships from planet 1 to planet 2
I'll send 5 ships from planet Planet:1, owner: 2, ships: 5 to planet Planet:2, owner: 1, ships: 141
 159: Player 2 launched 5 (left 0) ships from planet 1 to planet 2
I'll send 5 ships from planet Planet:1, owner: 2, ships: 5 to planet Planet:2, owner: 1, ships: 141
 160: Player 2 launched 5 (left 0) ships from planet 1 to planet 2
I'll send 5 ships from planet Planet:1, owner: 2, ships: 5 to planet Planet:2, owner: 1, ships: 141
 161: Player 2 launched 5 (left 0) ships from planet 1 to planet 2
I'll send 5 ships from planet Planet:1, owner: 2, ships: 5 to planet Planet:2, owner: 1, ships: 141
 162: Player 2 launched 5 (left 0) ships from planet 1 to planet 2
I'll send 5 ships from planet Planet:1, owner: 2, ships: 5 to planet Planet:2, owner: 1, ships: 141
 163: Player 2 launched 5 (left 0) ships from planet 1 to planet 2
I'll send 5 ships from planet Planet:1, owner: 2, ships: 5 to planet Planet:2, owner: 1, ships: 141
 164: Player 2 launched 5 (left 0) ships from planet 1 to planet 2
I'll send 5 ships from planet Planet:1, owner: 2, ships: 5 to planet Planet:2, owner: 1, ships: 141
 165: Player 2 launched 5 (left 0) ships from planet 1 to planet 2
I'll send 5 ships from planet Planet:1, owner: 2, ships: 5 to planet Planet:2, owner: 1, ships: 141
 166: Player 2 launched 5 (left 0) ships from planet 1 to planet 2
I'll send 5 ships from planet Planet:1, owner: 2, ships: 5 to planet Planet:2, owner: 1, ships: 141
 167: Player 2 launched 5 (left 0) ships from planet 1 to planet 2
I'll send 5 ships from planet Planet:1, owner: 2, ships: 5 to planet Planet:2, owner: 1, ships: 141
 168: Player 2 launched 5 (left 0) ships from planet 1 to planet 2
I'll send 5 ships from planet Planet:1, owner: 2, ships: 5 to planet Planet:2, owner: 1, ships: 141
 169: Player 2 launched 5 (left 0) ships from planet 1 to planet 2
I'll send 5 ships from planet Planet:1, owner: 2, ships: 5 to planet Planet:2, owner: 1, ships: 141
 170: Player 2 launched 5 (left 0) ships from planet 1 to planet 2
I'll send 5 ships from planet Planet:1, owner: 2, ships: 5 to planet Planet:2, owner: 1, ships: 141
 171: Player 2 launched 5 (left 0) ships from planet 1 to planet 2
I'll send 5 ships from planet Planet:1, owner: 2, ships: 5 to planet Planet:2, owner: 1, ships: 141
 172: Player 2 launched 5 (left 0) ships from planet 1 to planet 2
I'll send 5 ships from planet Planet:1, owner: 2, ships: 5 to planet Planet:2, owner: 1, ships: 141
 173: Player 2 launched 5 (left 0) ships from planet 1 to planet 2
I'll send 5 ships from planet Planet:1, owner: 2, ships: 5 to planet Planet:2, owner: 1, ships: 141
 174: Player 2 launched 5 (left 0) ships from planet 1 to planet 2
I'll send 5 ships from planet Planet:1, owner: 2, ships: 5 to planet Planet:2, owner: 1, ships: 141
 175: Player 2 launched 5 (left 0) ships from planet 1 to planet 2
I'll send 5 ships from planet Planet:1, owner: 2, ships: 5 to planet Planet:2, owner: 1, ships: 141
 176: Player 2 launched 5 (left 0) ships from planet 1 to planet 2
I'll send 5 ships from planet Planet:1, owner: 2, ships: 5 to planet Planet:2, owner: 1, ships: 141
 177: Player 2 launched 5 (left 0) ships from planet 1 to planet 2
I'll send 5 ships from planet Planet:1, owner: 2, ships: 5 to planet Planet:2, owner: 1, ships: 141
 178: Player 2 launched 5 (left 0) ships from planet 1 to planet 2
I'll send 5 ships from planet Planet:1, owner: 2, ships: 5 to planet Planet:2, owner: 1, ships: 141
 179: Player 2 launched 5 (left 0) ships from planet 1 to planet 2
I'll send 5 ships from planet Planet:1, owner: 2, ships: 5 to planet Planet:2, owner: 1, ships: 141
 180: Player 2 launched 5 (left 0) ships from planet 1 to planet 2
I'll send 5 ships from planet Planet:1, owner: 2, ships: 5 to planet Planet:2, owner: 1, ships: 141
 181: Player 2 launched 5 (left 0) ships from planet 1 to planet 2
I'll send 5 ships from planet Planet:1, owner: 2, ships: 5 to planet Planet:2, owner: 1, ships: 141
 182: Player 2 launched 5 (left 0) ships from planet 1 to planet 2
I'll send 5 ships from planet Planet:1, owner: 2, ships: 5 to planet Planet:2, owner: 1, ships: 141
 183: Player 2 launched 5 (left 0) ships from planet 1 to planet 2
I'll send 5 ships from planet Planet:1, owner: 2, ships: 5 to planet Planet:2, owner: 1, ships: 141
 184: Player 2 launched 5 (left 0) ships from planet 1 to planet 2
I'll send 5 ships from planet Planet:1, owner: 2, ships: 5 to planet Planet:2, owner: 1, ships: 141
 185: Player 2 launched 5 (left 0) ships from planet 1 to planet 2
I'll send 5 ships from planet Planet:1, owner: 2, ships: 5 to planet Planet:2, owner: 1, ships: 141
 186: Player 2 launched 5 (left 0) ships from planet 1 to planet 2
I'll send 5 ships from planet Planet:1, owner: 2, ships: 5 to planet Planet:2, owner: 1, ships: 141
 187: Player 2 launched 5 (left 0) ships from planet 1 to planet 2
I'll send 5 ships from planet Planet:1, owner: 2, ships: 5 to planet Planet:2, owner: 1, ships: 141
 188: Player 2 launched 5 (left 0) ships from planet 1 to planet 2
I'll send 5 ships from planet Planet:1, owner: 2, ships: 5 to planet Planet:2, owner: 1, ships: 141
 189: Player 2 launched 5 (left 0) ships from planet 1 to planet 2
I'll send 5 ships from planet Planet:1, owner: 2, ships: 5 to planet Planet:2, owner: 1, ships: 141
 190: Player 2 launched 5 (left 0) ships from planet 1 to planet 2
I'll send 5 ships from planet Planet:1, owner: 2, ships: 5 to planet Planet:2, owner: 1, ships: 141
 191: Player 2 launched 5 (left 0) ships from planet 1 to planet 2
I'll send 5 ships from planet Planet:1, owner: 2, ships: 5 to planet Planet:2, owner: 1, ships: 141
 192: Player 2 launched 5 (left 0) ships from planet 1 to planet 2
I'll send 5 ships from planet Planet:1, owner: 2, ships: 5 to planet Planet:2, owner: 1, ships: 141
 193: Player 2 launched 5 (left 0) ships from planet 1 to planet 2
I'll send 5 ships from planet Planet:1, owner: 2, ships: 5 to planet Planet:2, owner: 1, ships: 141
 194: Player 2 launched 5 (left 0) ships from planet 1 to planet 2
I'll send 5 ships from planet Planet:1, owner: 2, ships: 5 to planet Planet:2, owner: 1, ships: 141
 195: Player 2 launched 5 (left 0) ships from planet 1 to planet 2
I'll send 5 ships from planet Planet:1, owner: 2, ships: 5 to planet Planet:2, owner: 1, ships: 141
 196: Player 2 launched 5 (left 0) ships from planet 1 to planet 2
I'll send 5 ships from planet Planet:1, owner: 2, ships: 5 to planet Planet:2, owner: 1, ships: 141
 197: Player 2 launched 5 (left 0) ships from planet 1 to planet 2
I'll send 5 ships from planet Planet:1, owner: 2, ships: 5 to planet Planet:2, owner: 1, ships: 141
 198: Player 2 launched 5 (left 0) ships from planet 1 to planet 2
I'll send 5 ships from planet Planet:1, owner: 2, ships: 5 to planet Planet:2, owner: 1, ships: 141
 199: Player 2 launched 5 (left 0) ships from planet 1 to planet 2
I'll send 5 ships from planet Planet:1, owner: 2, ships: 5 to planet Planet:2, owner: 1, ships: 141
 200: Player 2 launched 5 (left 0) ships from planet 1 to planet 2
I'll send 5 ships from planet Planet:1, owner: 2, ships: 5 to planet Planet:2, owner: 1, ships: 141
 201: Player 2 launched 5 (left 0) ships from planet 1 to planet 2
I'll send 5 ships from planet Planet:1, owner: 2, ships: 5 to planet Planet:2, owner: 1, ships: 141
 202: Player 2 launched 5 (left 0) ships from planet 1 to planet 2
I'll send 5 ships from planet Planet:1, owner: 2, ships: 5 to planet Planet:2, owner: 1, ships: 141
 203: Player 2 launched 5 (left 0) ships from planet 1 to planet 2
I'll send 5 ships from planet Planet:1, owner: 2, ships: 5 to planet Planet:2, owner: 1, ships: 141
 204: Player 2 launched 5 (left 0) ships from planet 1 to planet 2
I'll send 5 ships from planet Planet:1, owner: 2, ships: 5 to planet Planet:2, owner: 1, ships: 141
 205: Player 2 launched 5 (left 0) ships from planet 1 to planet 2
I'll send 5 ships from planet Planet:1, owner: 2, ships: 5 to planet Planet:2, owner: 1, ships: 141
 206: Player 2 launched 5 (left 0) ships from planet 1 to planet 2
I'll send 5 ships from planet Planet:1, owner: 2, ships: 5 to planet Planet:2, owner: 1, ships: 141
 207: Player 2 launched 5 (left 0) ships from planet 1 to planet 2
I'll send 5 ships from planet Planet:1, owner: 2, ships: 5 to planet Planet:2, owner: 1, ships: 141
 208: Player 2 launched 5 (left 0) ships from planet 1 to planet 2
I'll send 5 ships from planet Planet:1, owner: 2, ships: 5 to planet Planet:2, owner: 1, ships: 141
 209: Player 2 launched 5 (left 0) ships from planet 1 to planet 2
I'll send 5 ships from planet Planet:1, owner: 2, ships: 5 to planet Planet:2, owner: 1, ships: 141
 210: Player 2 launched 5 (left 0) ships from planet 1 to planet 2
I'll send 5 ships from planet Planet:1, owner: 2, ships: 5 to planet Planet:2, owner: 1, ships: 141
 211: Player 2 launched 5 (left 0) ships from planet 1 to planet 2
I'll send 5 ships from planet Planet:1, owner: 2, ships: 5 to planet Planet:2, owner: 1, ships: 141
 212: Player 2 launched 5 (left 0) ships from planet 1 to planet 2
I'll send 5 ships from planet Planet:1, owner: 2, ships: 5 to planet Planet:2, owner: 1, ships: 141
 213: Player 2 launched 5 (left 0) ships from planet 1 to planet 2
I'll send 5 ships from planet Planet:1, owner: 2, ships: 5 to planet Planet:2, owner: 1, ships: 141
 214: Player 2 launched 5 (left 0) ships from planet 1 to planet 2
I'll send 5 ships from planet Planet:1, owner: 2, ships: 5 to planet Planet:2, owner: 1, ships: 141
 215: Player 2 launched 5 (left 0) ships from planet 1 to planet 2
I'll send 5 ships from planet Planet:1, owner: 2, ships: 5 to planet Planet:2, owner: 1, ships: 141
 216: Player 2 launched 5 (left 0) ships from planet 1 to planet 2
I'll send 5 ships from planet Planet:1, owner: 2, ships: 5 to planet Planet:2, owner: 1, ships: 141
 217: Player 2 launched 5 (left 0) ships from planet 1 to planet 2
I'll send 5 ships from planet Planet:1, owner: 2, ships: 5 to planet Planet:2, owner: 1, ships: 141
 218: Player 2 launched 5 (left 0) ships from planet 1 to planet 2
I'll send 5 ships from planet Planet:1, owner: 2, ships: 5 to planet Planet:2, owner: 1, ships: 141
 219: Player 2 launched 5 (left 0) ships from planet 1 to planet 2
I'll send 5 ships from planet Planet:1, owner: 2, ships: 5 to planet Planet:2, owner: 1, ships: 141
 220: Player 2 launched 5 (left 0) ships from planet 1 to planet 2
I'll send 5 ships from planet Planet:1, owner: 2, ships: 5 to planet Planet:2, owner: 1, ships: 141
 221: Player 2 launched 5 (left 0) ships from planet 1 to planet 2
I'll send 5 ships from planet Planet:1, owner: 2, ships: 5 to planet Planet:2, owner: 1, ships: 141
 222: Player 2 launched 5 (left 0) ships from planet 1 to planet 2
I'll send 5 ships from planet Planet:1, owner: 2, ships: 5 to planet Planet:2, owner: 1, ships: 141
 223: Player 2 launched 5 (left 0) ships from planet 1 to planet 2
I'll send 5 ships from planet Planet:1, owner: 2, ships: 5 to planet Planet:2, owner: 1, ships: 141
 224: Player 2 launched 5 (left 0) ships from planet 1 to planet 2
I'll send 5 ships from planet Planet:1, owner: 2, ships: 5 to planet Planet:2, owner: 1, ships: 141
 225: Player 2 launched 5 (left 0) ships from planet 1 to planet 2
I'll send 5 ships from planet Planet:1, owner: 2, ships: 5 to planet Planet:2, owner: 1, ships: 141
 226: Player 2 launched 5 (left 0) ships from planet 1 to planet 2
I'll send 5 ships from planet Planet:1, owner: 2, ships: 5 to planet Planet:2, owner: 1, ships: 141
 227: Player 2 launched 5 (left 0) ships from planet 1 to planet 2
I'll send 5 ships from planet Planet:1, owner: 2, ships: 5 to planet Planet:2, owner: 1, ships: 141
 228: Player 2 launched 5 (left 0) ships from planet 1 to planet 2
I'll send 5 ships from planet Planet:1, owner: 2, ships: 5 to planet Planet:2, owner: 1, ships: 141
 229: Player 2 launched 5 (left 0) ships from planet 1 to planet 2
I'll send 5 ships from planet Planet:1, owner: 2, ships: 5 to planet Planet:2, owner: 1, ships: 141
 230: Player 2 launched 5 (left 0) ships from planet 1 to planet 2
I'll send 5 ships from planet Planet:1, owner: 2, ships: 5 to planet Planet:2, owner: 1, ships: 141
 231: Player 2 launched 5 (left 0) ships from planet 1 to planet 2
I'll send 5 ships from planet Planet:1, owner: 2, ships: 5 to planet Planet:2, owner: 1, ships: 141
 232: Player 2 launched 5 (left 0) ships from planet 1 to planet 2
I'll send 5 ships from planet Planet:1, owner: 2, ships: 5 to planet Planet:2, owner: 1, ships: 141
 233: Player 2 launched 5 (left 0) ships from planet 1 to planet 2
I'll send 5 ships from planet Planet:1, owner: 2, ships: 5 to planet Planet:2, owner: 1, ships: 141
 234: Player 2 launched 5 (left 0) ships from planet 1 to planet 2
I'll send 5 ships from planet Planet:1, owner: 2, ships: 5 to planet Planet:2, owner: 1, ships: 141
 235: Player 2 launched 5 (left 0) ships from planet 1 to planet 2
I'll send 5 ships from planet Planet:1, owner: 2, ships: 5 to planet Planet:2, owner: 1, ships: 141
 236: Player 2 launched 5 (left 0) ships from planet 1 to planet 2
I'll send 5 ships from planet Planet:1, owner: 2, ships: 5 to planet Planet:2, owner: 1, ships: 141
 237: Player 2 launched 5 (left 0) ships from planet 1 to planet 2
I'll send 5 ships from planet Planet:1, owner: 2, ships: 5 to planet Planet:2, owner: 1, ships: 141
 238: Player 2 launched 5 (left 0) ships from planet 1 to planet 2
I'll send 5 ships from planet Planet:1, owner: 2, ships: 5 to planet Planet:2, owner: 1, ships: 141
 239: Player 2 launched 5 (left 0) ships from planet 1 to planet 2
I'll send 5 ships from planet Planet:1, owner: 2, ships: 5 to planet Planet:2, owner: 1, ships: 141
 240: Player 2 launched 5 (left 0) ships from planet 1 to planet 2
I'll send 5 ships from planet Planet:1, owner: 2, ships: 5 to planet Planet:2, owner: 1, ships: 141
 241: Player 2 launched 5 (left 0) ships from planet 1 to planet 2
I'll send 5 ships from planet Planet:1, owner: 2, ships: 5 to planet Planet:2, owner: 1, ships: 141
 242: Player 2 launched 5 (left 0) ships from planet 1 to planet 2
I'll send 5 ships from planet Planet:1, owner: 2, ships: 5 to planet Planet:2, owner: 1, ships: 141
 243: Player 2 launched 5 (left 0) ships from planet 1 to planet 2
I'll send 5 ships from planet Planet:1, owner: 2, ships: 5 to planet Planet:2, owner: 1, ships: 141
 244: Player 2 launched 5 (left 0) ships from planet 1 to planet 2
I'll send 5 ships from planet Planet:1, owner: 2, ships: 5 to planet Planet:2, owner: 1, ships: 141
 245: Player 2 launched 5 (left 0) ships from planet 1 to planet 2
I'll send 5 ships from planet Planet:1, owner: 2, ships: 5 to planet Planet:2, owner: 1, ships: 141
 246: Player 2 launched 5 (left 0) ships from planet 1 to planet 2
I'll send 5 ships from planet Planet:1, owner: 2, ships: 5 to planet Planet:2, owner: 1, ships: 141
 247: Player 2 launched 5 (left 0) ships from planet 1 to planet 2
I'll send 5 ships from planet Planet:1, owner: 2, ships: 5 to planet Planet:2, owner: 1, ships: 141
 248: Player 2 launched 5 (left 0) ships from planet 1 to planet 2
I'll send 5 ships from planet Planet:1, owner: 2, ships: 5 to planet Planet:2, owner: 1, ships: 141
 249: Player 2 launched 5 (left 0) ships from planet 1 to planet 2
I'll send 5 ships from planet Planet:1, owner: 2, ships: 5 to planet Planet:2, owner: 1, ships: 141
 250: Player 2 launched 5 (left 0) ships from planet 1 to planet 2
I'll send 5 ships from planet Planet:1, owner: 2, ships: 5 to planet Planet:2, owner: 1, ships: 141
 251: Player 2 launched 5 (left 0) ships from planet 1 to planet 2
I'll send 5 ships from planet Planet:1, owner: 2, ships: 5 to planet Planet:2, owner: 1, ships: 141
 252: Player 2 launched 5 (left 0) ships from planet 1 to planet 2
I'll send 5 ships from planet Planet:1, owner: 2, ships: 5 to planet Planet:2, owner: 1, ships: 141
 253: Player 2 launched 5 (left 0) ships from planet 1 to planet 2
I'll send 5 ships from planet Planet:1, owner: 2, ships: 5 to planet Planet:2, owner: 1, ships: 141
 254: Player 2 launched 5 (left 0) ships from planet 1 to planet 2
I'll send 5 ships from planet Planet:1, owner: 2, ships: 5 to planet Planet:2, owner: 1, ships: 141
 255: Player 2 launched 5 (left 0) ships from planet 1 to planet 2
I'll send 5 ships from planet Planet:1, owner: 2, ships: 5 to planet Planet:2, owner: 1, ships: 141
 256: Player 2 launched 5 (left 0) ships from planet 1 to planet 2
I'll send 5 ships from planet Planet:1, owner: 2, ships: 5 to planet Planet:2, owner: 1, ships: 141
 257: Player 2 launched 5 (left 0) ships from planet 1 to planet 2
I'll send 5 ships from planet Planet:1, owner: 2, ships: 5 to planet Planet:2, owner: 1, ships: 141
 258: Player 2 launched 5 (left 0) ships from planet 1 to planet 2
I'll send 5 ships from planet Planet:1, owner: 2, ships: 5 to planet Planet:2, owner: 1, ships: 141
 259: Player 2 launched 5 (left 0) ships from planet 1 to planet 2
I'll send 5 ships from planet Planet:1, owner: 2, ships: 5 to planet Planet:2, owner: 1, ships: 141
 260: Player 2 launched 5 (left 0) ships from planet 1 to planet 2
I'll send 5 ships from planet Planet:1, owner: 2, ships: 5 to planet Planet:2, owner: 1, ships: 141
 261: Player 2 launched 5 (left 0) ships from planet 1 to planet 2
I'll send 5 ships from planet Planet:1, owner: 2, ships: 5 to planet Planet:2, owner: 1, ships: 141
 262: Player 2 launched 5 (left 0) ships from planet 1 to planet 2
I'll send 5 ships from planet Planet:1, owner: 2, ships: 5 to planet Planet:2, owner: 1, ships: 141
 263: Player 2 launched 5 (left 0) ships from planet 1 to planet 2
I'll send 5 ships from planet Planet:1, owner: 2, ships: 5 to planet Planet:2, owner: 1, ships: 141
 264: Player 2 launched 5 (left 0) ships from planet 1 to planet 2
I'll send 5 ships from planet Planet:1, owner: 2, ships: 5 to planet Planet:2, owner: 1, ships: 141
 265: Player 2 launched 5 (left 0) ships from planet 1 to planet 2
I'll send 5 ships from planet Planet:1, owner: 2, ships: 5 to planet Planet:2, owner: 1, ships: 141
 266: Player 2 launched 5 (left 0) ships from planet 1 to planet 2
I'll send 5 ships from planet Planet:1, owner: 2, ships: 5 to planet Planet:2, owner: 1, ships: 141
 267: Player 2 launched 5 (left 0) ships from planet 1 to planet 2
I'll send 5 ships from planet Planet:1, owner: 2, ships: 5 to planet Planet:2, owner: 1, ships: 141
 268: Player 2 launched 5 (left 0) ships from planet 1 to planet 2
I'll send 5 ships from planet Planet:1, owner: 2, ships: 5 to planet Planet:2, owner: 1, ships: 141
 269: Player 2 launched 5 (left 0) ships from planet 1 to planet 2
I'll send 5 ships from planet Planet:1, owner: 2, ships: 5 to planet Planet:2, owner: 1, ships: 141
 270: Player 2 launched 5 (left 0) ships from planet 1 to planet 2
I'll send 5 ships from planet Planet:1, owner: 2, ships: 5 to planet Planet:2, owner: 1, ships: 141
 271: Player 2 launched 5 (left 0) ships from planet 1 to planet 2
I'll send 5 ships from planet Planet:1, owner: 2, ships: 5 to planet Planet:2, owner: 1, ships: 141
 272: Player 2 launched 5 (left 0) ships from planet 1 to planet 2
I'll send 5 ships from planet Planet:1, owner: 2, ships: 5 to planet Planet:2, owner: 1, ships: 141
 273: Player 2 launched 5 (left 0) ships from planet 1 to planet 2
I'll send 5 ships from planet Planet:1, owner: 2, ships: 5 to planet Planet:2, owner: 1, ships: 141
 274: Player 2 launched 5 (left 0) ships from planet 1 to planet 2
I'll send 5 ships from planet Planet:1, owner: 2, ships: 5 to planet Planet:2, owner: 1, ships: 141
 275: Player 2 launched 5 (left 0) ships from planet 1 to planet 2
I'll send 5 ships from planet Planet:1, owner: 2, ships: 5 to planet Planet:2, owner: 1, ships: 141
 276: Player 2 launched 5 (left 0) ships from planet 1 to planet 2
I'll send 5 ships from planet Planet:1, owner: 2, ships: 5 to planet Planet:2, owner: 1, ships: 141
 277: Player 2 launched 5 (left 0) ships from planet 1 to planet 2
I'll send 5 ships from planet Planet:1, owner: 2, ships: 5 to planet Planet:2, owner: 1, ships: 141
 278: Player 2 launched 5 (left 0) ships from planet 1 to planet 2
I'll send 5 ships from planet Planet:1, owner: 2, ships: 5 to planet Planet:2, owner: 1, ships: 141
 279: Player 2 launched 5 (left 0) ships from planet 1 to planet 2
I'll send 5 ships from planet Planet:1, owner: 2, ships: 5 to planet Planet:2, owner: 1, ships: 141
 280: Player 2 launched 5 (left 0) ships from planet 1 to planet 2
I'll send 5 ships from planet Planet:1, owner: 2, ships: 5 to planet Planet:2, owner: 1, ships: 141
 281: Player 2 launched 5 (left 0) ships from planet 1 to planet 2
I'll send 5 ships from planet Planet:1, owner: 2, ships: 5 to planet Planet:2, owner: 1, ships: 141
 282: Player 2 launched 5 (left 0) ships from planet 1 to planet 2
I'll send 5 ships from planet Planet:1, owner: 2, ships: 5 to planet Planet:2, owner: 1, ships: 141
 283: Player 2 launched 5 (left 0) ships from planet 1 to planet 2
I'll send 5 ships from planet Planet:1, owner: 2, ships: 5 to planet Planet:2, owner: 1, ships: 141
 284: Player 2 launched 5 (left 0) ships from planet 1 to planet 2
I'll send 5 ships from planet Planet:1, owner: 2, ships: 5 to planet Planet:2, owner: 1, ships: 141
 285: Player 2 launched 5 (left 0) ships from planet 1 to planet 2
I'll send 5 ships from planet Planet:1, owner: 2, ships: 5 to planet Planet:2, owner: 1, ships: 141
 286: Player 2 launched 5 (left 0) ships from planet 1 to planet 2
I'll send 5 ships from planet Planet:1, owner: 2, ships: 5 to planet Planet:2, owner: 1, ships: 141
 287: Player 2 launched 5 (left 0) ships from planet 1 to planet 2
I'll send 5 ships from planet Planet:1, owner: 2, ships: 5 to planet Planet:2, owner: 1, ships: 141
 288: Player 2 launched 5 (left 0) ships from planet 1 to planet 2
I'll send 5 ships from planet Planet:1, owner: 2, ships: 5 to planet Planet:2, owner: 1, ships: 141
 289: Player 2 launched 5 (left 0) ships from planet 1 to planet 2
I'll send 5 ships from planet Planet:1, owner: 2, ships: 5 to planet Planet:2, owner: 1, ships: 141
 290: Player 2 launched 5 (left 0) ships from planet 1 to planet 2
I'll send 5 ships from planet Planet:1, owner: 2, ships: 5 to planet Planet:2, owner: 1, ships: 141
 291: Player 2 launched 5 (left 0) ships from planet 1 to planet 2
I'll send 5 ships from planet Planet:1, owner: 2, ships: 5 to planet Planet:2, owner: 1, ships: 141
 292: Player 2 launched 5 (left 0) ships from planet 1 to planet 2
I'll send 5 ships from planet Planet:1, owner: 2, ships: 5 to planet Planet:2, owner: 1, ships: 141
 293: Player 2 launched 5 (left 0) ships from planet 1 to planet 2
I'll send 5 ships from planet Planet:1, owner: 2, ships: 5 to planet Planet:2, owner: 1, ships: 141
 294: Player 2 launched 5 (left 0) ships from planet 1 to planet 2
I'll send 5 ships from planet Planet:1, owner: 2, ships: 5 to planet Planet:2, owner: 1, ships: 141
 295: Player 2 launched 5 (left 0) ships from planet 1 to planet 2
I'll send 5 ships from planet Planet:1, owner: 2, ships: 5 to planet Planet:2, owner: 1, ships: 141
 296: Player 2 launched 5 (left 0) ships from planet 1 to planet 2
I'll send 5 ships from planet Planet:1, owner: 2, ships: 5 to planet Planet:2, owner: 1, ships: 141
 297: Player 2 launched 5 (left 0) ships from planet 1 to planet 2
I'll send 5 ships from planet Planet:1, owner: 2, ships: 5 to planet Planet:2, owner: 1, ships: 141
 298: Player 2 launched 5 (left 0) ships from planet 1 to planet 2
I'll send 5 ships from planet Planet:1, owner: 2, ships: 5 to planet Planet:2, owner: 1, ships: 141
 299: Player 2 launched 5 (left 0) ships from planet 1 to planet 2
I'll send 5 ships from planet Planet:1, owner: 2, ships: 5 to planet Planet:2, owner: 1, ships: 141
 300: Player 2 launched 5 (left 0) ships from planet 1 to planet 2
I'll send 5 ships from planet Planet:1, owner: 2, ships: 5 to planet Planet:2, owner: 1, ships: 141
 301: Player 2 launched 5 (left 0) ships from planet 1 to planet 2
I'll send 5 ships from planet Planet:1, owner: 2, ships: 5 to planet Planet:2, owner: 1, ships: 141
 302: Player 2 launched 5 (left 0) ships from planet 1 to planet 2
I'll send 5 ships from planet Planet:1, owner: 2, ships: 5 to planet Planet:2, owner: 1, ships: 141
 303: Player 2 launched 5 (left 0) ships from planet 1 to planet 2
I'll send 5 ships from planet Planet:1, owner: 2, ships: 5 to planet Planet:2, owner: 1, ships: 141
 304: Player 2 launched 5 (left 0) ships from planet 1 to planet 2
I'll send 5 ships from planet Planet:1, owner: 2, ships: 5 to planet Planet:2, owner: 1, ships: 141
 305: Player 2 launched 5 (left 0) ships from planet 1 to planet 2
I'll send 5 ships from planet Planet:1, owner: 2, ships: 5 to planet Planet:2, owner: 1, ships: 141
 306: Player 2 launched 5 (left 0) ships from planet 1 to planet 2
I'll send 5 ships from planet Planet:1, owner: 2, ships: 5 to planet Planet:2, owner: 1, ships: 141
 307: Player 2 launched 5 (left 0) ships from planet 1 to planet 2
I'll send 5 ships from planet Planet:1, owner: 2, ships: 5 to planet Planet:2, owner: 1, ships: 141
 308: Player 2 launched 5 (left 0) ships from planet 1 to planet 2
I'll send 5 ships from planet Planet:1, owner: 2, ships: 5 to planet Planet:2, owner: 1, ships: 141
 309: Player 2 launched 5 (left 0) ships from planet 1 to planet 2
I'll send 5 ships from planet Planet:1, owner: 2, ships: 5 to planet Planet:2, owner: 1, ships: 141
 310: Player 2 launched 5 (left 0) ships from planet 1 to planet 2
I'll send 5 ships from planet Planet:1, owner: 2, ships: 5 to planet Planet:2, owner: 1, ships: 141
 311: Player 2 launched 5 (left 0) ships from planet 1 to planet 2
I'll send 5 ships from planet Planet:1, owner: 2, ships: 5 to planet Planet:2, owner: 1, ships: 141
 312: Player 2 launched 5 (left 0) ships from planet 1 to planet 2
I'll send 5 ships from planet Planet:1, owner: 2, ships: 5 to planet Planet:2, owner: 1, ships: 141
 313: Player 2 launched 5 (left 0) ships from planet 1 to planet 2
I'll send 5 ships from planet Planet:1, owner: 2, ships: 5 to planet Planet:2, owner: 1, ships: 141
 314: Player 2 launched 5 (left 0) ships from planet 1 to planet 2
I'll send 5 ships from planet Planet:1, owner: 2, ships: 5 to planet Planet:2, owner: 1, ships: 141
 315: Player 2 launched 5 (left 0) ships from planet 1 to planet 2
I'll send 5 ships from planet Planet:1, owner: 2, ships: 5 to planet Planet:2, owner: 1, ships: 141
 316: Player 2 launched 5 (left 0) ships from planet 1 to planet 2
I'll send 5 ships from planet Planet:1, owner: 2, ships: 5 to planet Planet:2, owner: 1, ships: 141
 317: Player 2 launched 5 (left 0) ships from planet 1 to planet 2
I'll send 5 ships from planet Planet:1, owner: 2, ships: 5 to planet Planet:2, owner: 1, ships: 141
 318: Player 2 launched 5 (left 0) ships from planet 1 to planet 2
I'll send 5 ships from planet Planet:1, owner: 2, ships: 5 to planet Planet:2, owner: 1, ships: 141
 319: Player 2 launched 5 (left 0) ships from planet 1 to planet 2
I'll send 5 ships from planet Planet:1, owner: 2, ships: 5 to planet Planet:2, owner: 1, ships: 141
 320: Player 2 launched 5 (left 0) ships from planet 1 to planet 2
I'll send 5 ships from planet Planet:1, owner: 2, ships: 5 to planet Planet:2, owner: 1, ships: 141
 321: Player 2 launched 5 (left 0) ships from planet 1 to planet 2
I'll send 5 ships from planet Planet:1, owner: 2, ships: 5 to planet Planet:2, owner: 1, ships: 141
 322: Player 2 launched 5 (left 0) ships from planet 1 to planet 2
I'll send 5 ships from planet Planet:1, owner: 2, ships: 5 to planet Planet:2, owner: 1, ships: 141
 323: Player 2 launched 5 (left 0) ships from planet 1 to planet 2
I'll send 5 ships from planet Planet:1, owner: 2, ships: 5 to planet Planet:2, owner: 1, ships: 141
 324: Player 2 launched 5 (left 0) ships from planet 1 to planet 2
I'll send 5 ships from planet Planet:1, owner: 2, ships: 5 to planet Planet:2, owner: 1, ships: 141
 325: Player 2 launched 5 (left 0) ships from planet 1 to planet 2
I'll send 5 ships from planet Planet:1, owner: 2, ships: 5 to planet Planet:2, owner: 1, ships: 141
 326: Player 2 launched 5 (left 0) ships from planet 1 to planet 2
I'll send 5 ships from planet Planet:1, owner: 2, ships: 5 to planet Planet:2, owner: 1, ships: 141
 327: Player 2 launched 5 (left 0) ships from planet 1 to planet 2
I'll send 5 ships from planet Planet:1, owner: 2, ships: 5 to planet Planet:2, owner: 1, ships: 141
 328: Player 2 launched 5 (left 0) ships from planet 1 to planet 2
I'll send 5 ships from planet Planet:1, owner: 2, ships: 5 to planet Planet:2, owner: 1, ships: 141
 329: Player 2 launched 5 (left 0) ships from planet 1 to planet 2
I'll send 5 ships from planet Planet:1, owner: 2, ships: 5 to planet Planet:2, owner: 1, ships: 141
 330: Player 2 launched 5 (left 0) ships from planet 1 to planet 2
I'll send 5 ships from planet Planet:1, owner: 2, ships: 5 to planet Planet:2, owner: 1, ships: 141
 331: Player 2 launched 5 (left 0) ships from planet 1 to planet 2
I'll send 5 ships from planet Planet:1, owner: 2, ships: 5 to planet Planet:2, owner: 1, ships: 141
 332: Player 2 launched 5 (left 0) ships from planet 1 to planet 2
I'll send 5 ships from planet Planet:1, owner: 2, ships: 5 to planet Planet:2, owner: 1, ships: 141
 333: Player 2 launched 5 (left 0) ships from planet 1 to planet 2
I'll send 5 ships from planet Planet:1, owner: 2, ships: 5 to planet Planet:2, owner: 1, ships: 141
 334: Player 2 launched 5 (left 0) ships from planet 1 to planet 2
I'll send 5 ships from planet Planet:1, owner: 2, ships: 5 to planet Planet:2, owner: 1, ships: 141
 335: Player 2 launched 5 (left 0) ships from planet 1 to planet 2
I'll send 5 ships from planet Planet:1, owner: 2, ships: 5 to planet Planet:2, owner: 1, ships: 141
 336: Player 2 launched 5 (left 0) ships from planet 1 to planet 2
I'll send 5 ships from planet Planet:1, owner: 2, ships: 5 to planet Planet:2, owner: 1, ships: 141
 337: Player 2 launched 5 (left 0) ships from planet 1 to planet 2
I'll send 5 ships from planet Planet:1, owner: 2, ships: 5 to planet Planet:2, owner: 1, ships: 141
 338: Player 2 launched 5 (left 0) ships from planet 1 to planet 2
I'll send 5 ships from planet Planet:1, owner: 2, ships: 5 to planet Planet:2, owner: 1, ships: 141
 339: Player 2 launched 5 (left 0) ships from planet 1 to planet 2
I'll send 5 ships from planet Planet:1, owner: 2, ships: 5 to planet Planet:2, owner: 1, ships: 141
 340: Player 2 launched 5 (left 0) ships from planet 1 to planet 2
I'll send 5 ships from planet Planet:1, owner: 2, ships: 5 to planet Planet:2, owner: 1, ships: 141
 341: Player 2 launched 5 (left 0) ships from planet 1 to planet 2
I'll send 5 ships from planet Planet:1, owner: 2, ships: 5 to planet Planet:2, owner: 1, ships: 141
 342: Player 2 launched 5 (left 0) ships from planet 1 to planet 2
I'll send 5 ships from planet Planet:1, owner: 2, ships: 5 to planet Planet:2, owner: 1, ships: 141
 343: Player 2 launched 5 (left 0) ships from planet 1 to planet 2
I'll send 5 ships from planet Planet:1, owner: 2, ships: 5 to planet Planet:2, owner: 1, ships: 141
 344: Player 2 launched 5 (left 0) ships from planet 1 to planet 2
I'll send 5 ships from planet Planet:1, owner: 2, ships: 5 to planet Planet:2, owner: 1, ships: 141
 345: Player 2 launched 5 (left 0) ships from planet 1 to planet 2
I'll send 5 ships from planet Planet:1, owner: 2, ships: 5 to planet Planet:2, owner: 1, ships: 141
 346: Player 2 launched 5 (left 0) ships from planet 1 to planet 2
I'll send 5 ships from planet Planet:1, owner: 2, ships: 5 to planet Planet:2, owner: 1, ships: 141
 347: Player 2 launched 5 (left 0) ships from planet 1 to planet 2
I'll send 5 ships from planet Planet:1, owner: 2, ships: 5 to planet Planet:2, owner: 1, ships: 141
 348: Player 2 launched 5 (left 0) ships from planet 1 to planet 2
I'll send 5 ships from planet Planet:1, owner: 2, ships: 5 to planet Planet:2, owner: 1, ships: 141
 349: Player 2 launched 5 (left 0) ships from planet 1 to planet 2
I'll send 5 ships from planet Planet:1, owner: 2, ships: 5 to planet Planet:2, owner: 1, ships: 141
 350: Player 2 launched 5 (left 0) ships from planet 1 to planet 2
I'll send 5 ships from planet Planet:1, owner: 2, ships: 5 to planet Planet:2, owner: 1, ships: 141
 351: Player 2 launched 5 (left 0) ships from planet 1 to planet 2
I'll send 5 ships from planet Planet:1, owner: 2, ships: 5 to planet Planet:2, owner: 1, ships: 141
 352: Player 2 launched 5 (left 0) ships from planet 1 to planet 2
I'll send 5 ships from planet Planet:1, owner: 2, ships: 5 to planet Planet:2, owner: 1, ships: 141
 353: Player 2 launched 5 (left 0) ships from planet 1 to planet 2
I'll send 5 ships from planet Planet:1, owner: 2, ships: 5 to planet Planet:2, owner: 1, ships: 141
 354: Player 2 launched 5 (left 0) ships from planet 1 to planet 2
I'll send 5 ships from planet Planet:1, owner: 2, ships: 5 to planet Planet:2, owner: 1, ships: 141
 355: Player 2 launched 5 (left 0) ships from planet 1 to planet 2
I'll send 5 ships from planet Planet:1, owner: 2, ships: 5 to planet Planet:2, owner: 1, ships: 141
 356: Player 2 launched 5 (left 0) ships from planet 1 to planet 2
I'll send 5 ships from planet Planet:1, owner: 2, ships: 5 to planet Planet:2, owner: 1, ships: 141
 357: Player 2 launched 5 (left 0) ships from planet 1 to planet 2
I'll send 5 ships from planet Planet:1, owner: 2, ships: 5 to planet Planet:2, owner: 1, ships: 141
 358: Player 2 launched 5 (left 0) ships from planet 1 to planet 2
I'll send 5 ships from planet Planet:1, owner: 2, ships: 5 to planet Planet:2, owner: 1, ships: 141
 359: Player 2 launched 5 (left 0) ships from planet 1 to planet 2
I'll send 5 ships from planet Planet:1, owner: 2, ships: 5 to planet Planet:2, owner: 1, ships: 141
 360: Player 2 launched 5 (left 0) ships from planet 1 to planet 2
I'll send 5 ships from planet Planet:1, owner: 2, ships: 5 to planet Planet:2, owner: 1, ships: 141
 361: Player 2 launched 5 (left 0) ships from planet 1 to planet 2
I'll send 5 ships from planet Planet:1, owner: 2, ships: 5 to planet Planet:2, owner: 1, ships: 141
 362: Player 2 launched 5 (left 0) ships from planet 1 to planet 2
I'll send 5 ships from planet Planet:1, owner: 2, ships: 5 to planet Planet:2, owner: 1, ships: 141
 363: Player 2 launched 5 (left 0) ships from planet 1 to planet 2
I'll send 5 ships from planet Planet:1, owner: 2, ships: 5 to planet Planet:2, owner: 1, ships: 141
 364: Player 2 launched 5 (left 0) ships from planet 1 to planet 2
I'll send 5 ships from planet Planet:1, owner: 2, ships: 5 to planet Planet:2, owner: 1, ships: 141
 365: Player 2 launched 5 (left 0) ships from planet 1 to planet 2
I'll send 5 ships from planet Planet:1, owner: 2, ships: 5 to planet Planet:2, owner: 1, ships: 141
 366: Player 2 launched 5 (left 0) ships from planet 1 to planet 2
I'll send 5 ships from planet Planet:1, owner: 2, ships: 5 to planet Planet:2, owner: 1, ships: 141
 367: Player 2 launched 5 (left 0) ships from planet 1 to planet 2
I'll send 5 ships from planet Planet:1, owner: 2, ships: 5 to planet Planet:2, owner: 1, ships: 141
 368: Player 2 launched 5 (left 0) ships from planet 1 to planet 2
I'll send 5 ships from planet Planet:1, owner: 2, ships: 5 to planet Planet:2, owner: 1, ships: 141
 369: Player 2 launched 5 (left 0) ships from planet 1 to planet 2
I'll send 5 ships from planet Planet:1, owner: 2, ships: 5 to planet Planet:2, owner: 1, ships: 141
 370: Player 2 launched 5 (left 0) ships from planet 1 to planet 2
I'll send 5 ships from planet Planet:1, owner: 2, ships: 5 to planet Planet:2, owner: 1, ships: 141
 371: Player 2 launched 5 (left 0) ships from planet 1 to planet 2
I'll send 5 ships from planet Planet:1, owner: 2, ships: 5 to planet Planet:2, owner: 1, ships: 141
 372: Player 2 launched 5 (left 0) ships from planet 1 to planet 2
I'll send 5 ships from planet Planet:1, owner: 2, ships: 5 to planet Planet:2, owner: 1, ships: 141
 373: Player 2 launched 5 (left 0) ships from planet 1 to planet 2
I'll send 5 ships from planet Planet:1, owner: 2, ships: 5 to planet Planet:2, owner: 1, ships: 141
 374: Player 2 launched 5 (left 0) ships from planet 1 to planet 2
I'll send 5 ships from planet Planet:1, owner: 2, ships: 5 to planet Planet:2, owner: 1, ships: 141
 375: Player 2 launched 5 (left 0) ships from planet 1 to planet 2
I'll send 5 ships from planet Planet:1, owner: 2, ships: 5 to planet Planet:2, owner: 1, ships: 141
 376: Player 2 launched 5 (left 0) ships from planet 1 to planet 2
I'll send 5 ships from planet Planet:1, owner: 2, ships: 5 to planet Planet:2, owner: 1, ships: 141
 377: Player 2 launched 5 (left 0) ships from planet 1 to planet 2
I'll send 5 ships from planet Planet:1, owner: 2, ships: 5 to planet Planet:2, owner: 1, ships: 141
 378: Player 2 launched 5 (left 0) ships from planet 1 to planet 2
I'll send 5 ships from planet Planet:1, owner: 2, ships: 5 to planet Planet:2, owner: 1, ships: 141
 379: Player 2 launched 5 (left 0) ships from planet 1 to planet 2
I'll send 5 ships from planet Planet:1, owner: 2, ships: 5 to planet Planet:2, owner: 1, ships: 141
 380: Player 2 launched 5 (left 0) ships from planet 1 to planet 2
I'll send 5 ships from planet Planet:1, owner: 2, ships: 5 to planet Planet:2, owner: 1, ships: 141
 381: Player 2 launched 5 (left 0) ships from planet 1 to planet 2
I'll send 5 ships from planet Planet:1, owner: 2, ships: 5 to planet Planet:2, owner: 1, ships: 141
 382: Player 2 launched 5 (left 0) ships from planet 1 to planet 2
I'll send 5 ships from planet Planet:1, owner: 2, ships: 5 to planet Planet:2, owner: 1, ships: 141
 383: Player 2 launched 5 (left 0) ships from planet 1 to planet 2
I'll send 5 ships from planet Planet:1, owner: 2, ships: 5 to planet Planet:2, owner: 1, ships: 141
 384: Player 2 launched 5 (left 0) ships from planet 1 to planet 2
I'll send 5 ships from planet Planet:1, owner: 2, ships: 5 to planet Planet:2, owner: 1, ships: 141
 385: Player 2 launched 5 (left 0) ships from planet 1 to planet 2
I'll send 5 ships from planet Planet:1, owner: 2, ships: 5 to planet Planet:2, owner: 1, ships: 141
 386: Player 2 launched 5 (left 0) ships from planet 1 to planet 2
I'll send 5 ships from planet Planet:1, owner: 2, ships: 5 to planet Planet:2, owner: 1, ships: 141
 387: Player 2 launched 5 (left 0) ships from planet 1 to planet 2
I'll send 5 ships from planet Planet:1, owner: 2, ships: 5 to planet Planet:2, owner: 1, ships: 141
 388: Player 2 launched 5 (left 0) ships from planet 1 to planet 2
I'll send 5 ships from planet Planet:1, owner: 2, ships: 5 to planet Planet:2, owner: 1, ships: 141
 389: Player 2 launched 5 (left 0) ships from planet 1 to planet 2
I'll send 5 ships from planet Planet:1, owner: 2, ships: 5 to planet Planet:2, owner: 1, ships: 141
 390: Player 2 launched 5 (left 0) ships from planet 1 to planet 2
I'll send 5 ships from planet Planet:1, owner: 2, ships: 5 to planet Planet:2, owner: 1, ships: 141
 391: Player 2 launched 5 (left 0) ships from planet 1 to planet 2
I'll send 5 ships from planet Planet:1, owner: 2, ships: 5 to planet Planet:2, owner: 1, ships: 141
 392: Player 2 launched 5 (left 0) ships from planet 1 to planet 2
I'll send 5 ships from planet Planet:1, owner: 2, ships: 5 to planet Planet:2, owner: 1, ships: 141
 393: Player 2 launched 5 (left 0) ships from planet 1 to planet 2
I'll send 5 ships from planet Planet:1, owner: 2, ships: 5 to planet Planet:2, owner: 1, ships: 141
 394: Player 2 launched 5 (left 0) ships from planet 1 to planet 2
I'll send 5 ships from planet Planet:1, owner: 2, ships: 5 to planet Planet:2, owner: 1, ships: 141
 395: Player 2 launched 5 (left 0) ships from planet 1 to planet 2
I'll send 5 ships from planet Planet:1, owner: 2, ships: 5 to planet Planet:2, owner: 1, ships: 141
 396: Player 2 launched 5 (left 0) ships from planet 1 to planet 2
I'll send 5 ships from planet Planet:1, owner: 2, ships: 5 to planet Planet:2, owner: 1, ships: 141
 397: Player 2 launched 5 (left 0) ships from planet 1 to planet 2
I'll send 5 ships from planet Planet:1, owner: 2, ships: 5 to planet Planet:2, owner: 1, ships: 141
 398: Player 2 launched 5 (left 0) ships from planet 1 to planet 2
I'll send 5 ships from planet Planet:1, owner: 2, ships: 5 to planet Planet:2, owner: 1, ships: 141
 399: Player 2 launched 5 (left 0) ships from planet 1 to planet 2
I'll send 5 ships from planet Planet:1, owner: 2, ships: 5 to planet Planet:2, owner: 1, ships: 141
 400: Player 2 launched 5 (left 0) ships from planet 1 to planet 2
I'll send 5 ships from planet Planet:1, owner: 2, ships: 5 to planet Planet:2, owner: 1, ships: 141
 401: Player 2 launched 5 (left 0) ships from planet 1 to planet 2
I'll send 5 ships from planet Planet:1, owner: 2, ships: 5 to planet Planet:2, owner: 1, ships: 141
 402: Player 2 launched 5 (left 0) ships from planet 1 to planet 2
I'll send 5 ships from planet Planet:1, owner: 2, ships: 5 to planet Planet:2, owner: 1, ships: 141
 403: Player 2 launched 5 (left 0) ships from planet 1 to planet 2
I'll send 5 ships from planet Planet:1, owner: 2, ships: 5 to planet Planet:2, owner: 1, ships: 141
 404: Player 2 launched 5 (left 0) ships from planet 1 to planet 2
I'll send 5 ships from planet Planet:1, owner: 2, ships: 5 to planet Planet:2, owner: 1, ships: 141
 405: Player 2 launched 5 (left 0) ships from planet 1 to planet 2
I'll send 5 ships from planet Planet:1, owner: 2, ships: 5 to planet Planet:2, owner: 1, ships: 141
 406: Player 2 launched 5 (left 0) ships from planet 1 to planet 2
I'll send 5 ships from planet Planet:1, owner: 2, ships: 5 to planet Planet:2, owner: 1, ships: 141
 407: Player 2 launched 5 (left 0) ships from planet 1 to planet 2
I'll send 5 ships from planet Planet:1, owner: 2, ships: 5 to planet Planet:2, owner: 1, ships: 141
 408: Player 2 launched 5 (left 0) ships from planet 1 to planet 2
I'll send 5 ships from planet Planet:1, owner: 2, ships: 5 to planet Planet:2, owner: 1, ships: 141
 409: Player 2 launched 5 (left 0) ships from planet 1 to planet 2
I'll send 5 ships from planet Planet:1, owner: 2, ships: 5 to planet Planet:2, owner: 1, ships: 141
 410: Player 2 launched 5 (left 0) ships from planet 1 to planet 2
I'll send 5 ships from planet Planet:1, owner: 2, ships: 5 to planet Planet:2, owner: 1, ships: 141
 411: Player 2 launched 5 (left 0) ships from planet 1 to planet 2
I'll send 5 ships from planet Planet:1, owner: 2, ships: 5 to planet Planet:2, owner: 1, ships: 141
 412: Player 2 launched 5 (left 0) ships from planet 1 to planet 2
I'll send 5 ships from planet Planet:1, owner: 2, ships: 5 to planet Planet:2, owner: 1, ships: 141
 413: Player 2 launched 5 (left 0) ships from planet 1 to planet 2
I'll send 5 ships from planet Planet:1, owner: 2, ships: 5 to planet Planet:2, owner: 1, ships: 141
 414: Player 2 launched 5 (left 0) ships from planet 1 to planet 2
I'll send 5 ships from planet Planet:1, owner: 2, ships: 5 to planet Planet:2, owner: 1, ships: 141
 415: Player 2 launched 5 (left 0) ships from planet 1 to planet 2
I'll send 5 ships from planet Planet:1, owner: 2, ships: 5 to planet Planet:2, owner: 1, ships: 141
 416: Player 2 launched 5 (left 0) ships from planet 1 to planet 2
I'll send 5 ships from planet Planet:1, owner: 2, ships: 5 to planet Planet:2, owner: 1, ships: 141
 417: Player 2 launched 5 (left 0) ships from planet 1 to planet 2
I'll send 5 ships from planet Planet:1, owner: 2, ships: 5 to planet Planet:2, owner: 1, ships: 141
 418: Player 2 launched 5 (left 0) ships from planet 1 to planet 2
I'll send 5 ships from planet Planet:1, owner: 2, ships: 5 to planet Planet:2, owner: 1, ships: 141
 419: Player 2 launched 5 (left 0) ships from planet 1 to planet 2
I'll send 5 ships from planet Planet:1, owner: 2, ships: 5 to planet Planet:2, owner: 1, ships: 141
 420: Player 2 launched 5 (left 0) ships from planet 1 to planet 2
I'll send 5 ships from planet Planet:1, owner: 2, ships: 5 to planet Planet:2, owner: 1, ships: 141
 421: Player 2 launched 5 (left 0) ships from planet 1 to planet 2
I'll send 5 ships from planet Planet:1, owner: 2, ships: 5 to planet Planet:2, owner: 1, ships: 141
 422: Player 2 launched 5 (left 0) ships from planet 1 to planet 2
I'll send 5 ships from planet Planet:1, owner: 2, ships: 5 to planet Planet:2, owner: 1, ships: 141
 423: Player 2 launched 5 (left 0) ships from planet 1 to planet 2
I'll send 5 ships from planet Planet:1, owner: 2, ships: 5 to planet Planet:2, owner: 1, ships: 141
 424: Player 2 launched 5 (left 0) ships from planet 1 to planet 2
I'll send 5 ships from planet Planet:1, owner: 2, ships: 5 to planet Planet:2, owner: 1, ships: 141
 425: Player 2 launched 5 (left 0) ships from planet 1 to planet 2
I'll send 5 ships from planet Planet:1, owner: 2, ships: 5 to planet Planet:2, owner: 1, ships: 141
 426: Player 2 launched 5 (left 0) ships from planet 1 to planet 2
I'll send 5 ships from planet Planet:1, owner: 2, ships: 5 to planet Planet:2, owner: 1, ships: 141
 427: Player 2 launched 5 (left 0) ships from planet 1 to planet 2
I'll send 5 ships from planet Planet:1, owner: 2, ships: 5 to planet Planet:2, owner: 1, ships: 141
 428: Player 2 launched 5 (left 0) ships from planet 1 to planet 2
I'll send 5 ships from planet Planet:1, owner: 2, ships: 5 to planet Planet:2, owner: 1, ships: 141
 429: Player 2 launched 5 (left 0) ships from planet 1 to planet 2
I'll send 5 ships from planet Planet:1, owner: 2, ships: 5 to planet Planet:2, owner: 1, ships: 141
 430: Player 2 launched 5 (left 0) ships from planet 1 to planet 2
I'll send 5 ships from planet Planet:1, owner: 2, ships: 5 to planet Planet:2, owner: 1, ships: 141
 431: Player 2 launched 5 (left 0) ships from planet 1 to planet 2
I'll send 5 ships from planet Planet:1, owner: 2, ships: 5 to planet Planet:2, owner: 1, ships: 141
 432: Player 2 launched 5 (left 0) ships from planet 1 to planet 2
I'll send 5 ships from planet Planet:1, owner: 2, ships: 5 to planet Planet:2, owner: 1, ships: 141
 433: Player 2 launched 5 (left 0) ships from planet 1 to planet 2
I'll send 5 ships from planet Planet:1, owner: 2, ships: 5 to planet Planet:2, owner: 1, ships: 141
 434: Player 2 launched 5 (left 0) ships from planet 1 to planet 2
I'll send 5 ships from planet Planet:1, owner: 2, ships: 5 to planet Planet:2, owner: 1, ships: 141
 435: Player 2 launched 5 (left 0) ships from planet 1 to planet 2
I'll send 5 ships from planet Planet:1, owner: 2, ships: 5 to planet Planet:2, owner: 1, ships: 141
 436: Player 2 launched 5 (left 0) ships from planet 1 to planet 2
I'll send 5 ships from planet Planet:1, owner: 2, ships: 5 to planet Planet:2, owner: 1, ships: 141
 437: Player 2 launched 5 (left 0) ships from planet 1 to planet 2
I'll send 5 ships from planet Planet:1, owner: 2, ships: 5 to planet Planet:2, owner: 1, ships: 141
 438: Player 2 launched 5 (left 0) ships from planet 1 to planet 2
I'll send 5 ships from planet Planet:1, owner: 2, ships: 5 to planet Planet:2, owner: 1, ships: 141
 439: Player 2 launched 5 (left 0) ships from planet 1 to planet 2
I'll send 5 ships from planet Planet:1, owner: 2, ships: 5 to planet Planet:2, owner: 1, ships: 141
 440: Player 2 launched 5 (left 0) ships from planet 1 to planet 2
I'll send 5 ships from planet Planet:1, owner: 2, ships: 5 to planet Planet:2, owner: 1, ships: 141
 441: Player 2 launched 5 (left 0) ships from planet 1 to planet 2
I'll send 5 ships from planet Planet:1, owner: 2, ships: 5 to planet Planet:2, owner: 1, ships: 141
 442: Player 2 launched 5 (left 0) ships from planet 1 to planet 2
I'll send 5 ships from planet Planet:1, owner: 2, ships: 5 to planet Planet:2, owner: 1, ships: 141
 443: Player 2 launched 5 (left 0) ships from planet 1 to planet 2
I'll send 5 ships from planet Planet:1, owner: 2, ships: 5 to planet Planet:2, owner: 1, ships: 141
 444: Player 2 launched 5 (left 0) ships from planet 1 to planet 2
I'll send 5 ships from planet Planet:1, owner: 2, ships: 5 to planet Planet:2, owner: 1, ships: 141
 445: Player 2 launched 5 (left 0) ships from planet 1 to planet 2
I'll send 5 ships from planet Planet:1, owner: 2, ships: 5 to planet Planet:2, owner: 1, ships: 141
 446: Player 2 launched 5 (left 0) ships from planet 1 to planet 2
I'll send 5 ships from planet Planet:1, owner: 2, ships: 5 to planet Planet:2, owner: 1, ships: 141
 447: Player 2 launched 5 (left 0) ships from planet 1 to planet 2
I'll send 5 ships from planet Planet:1, owner: 2, ships: 5 to planet Planet:2, owner: 1, ships: 141
 448: Player 2 launched 5 (left 0) ships from planet 1 to planet 2
I'll send 5 ships from planet Planet:1, owner: 2, ships: 5 to planet Planet:2, owner: 1, ships: 141
 449: Player 2 launched 5 (left 0) ships from planet 1 to planet 2
I'll send 5 ships from planet Planet:1, owner: 2, ships: 5 to planet Planet:2, owner: 1, ships: 141
 450: Player 2 launched 5 (left 0) ships from planet 1 to planet 2
I'll send 5 ships from planet Planet:1, owner: 2, ships: 5 to planet Planet:2, owner: 1, ships: 141
 451: Player 2 launched 5 (left 0) ships from planet 1 to planet 2
I'll send 5 ships from planet Planet:1, owner: 2, ships: 5 to planet Planet:2, owner: 1, ships: 141
 452: Player 2 launched 5 (left 0) ships from planet 1 to planet 2
I'll send 5 ships from planet Planet:1, owner: 2, ships: 5 to planet Planet:2, owner: 1, ships: 141
 453: Player 2 launched 5 (left 0) ships from planet 1 to planet 2
I'll send 5 ships from planet Planet:1, owner: 2, ships: 5 to planet Planet:2, owner: 1, ships: 141
 454: Player 2 launched 5 (left 0) ships from planet 1 to planet 2
I'll send 5 ships from planet Planet:1, owner: 2, ships: 5 to planet Planet:2, owner: 1, ships: 141
 455: Player 2 launched 5 (left 0) ships from planet 1 to planet 2
I'll send 5 ships from planet Planet:1, owner: 2, ships: 5 to planet Planet:2, owner: 1, ships: 141
 456: Player 2 launched 5 (left 0) ships from planet 1 to planet 2
I'll send 5 ships from planet Planet:1, owner: 2, ships: 5 to planet Planet:2, owner: 1, ships: 141
 457: Player 2 launched 5 (left 0) ships from planet 1 to planet 2
I'll send 5 ships from planet Planet:1, owner: 2, ships: 5 to planet Planet:2, owner: 1, ships: 141
 458: Player 2 launched 5 (left 0) ships from planet 1 to planet 2
I'll send 5 ships from planet Planet:1, owner: 2, ships: 5 to planet Planet:2, owner: 1, ships: 141
 459: Player 2 launched 5 (left 0) ships from planet 1 to planet 2
I'll send 5 ships from planet Planet:1, owner: 2, ships: 5 to planet Planet:2, owner: 1, ships: 141
 460: Player 2 launched 5 (left 0) ships from planet 1 to planet 2
I'll send 5 ships from planet Planet:1, owner: 2, ships: 5 to planet Planet:2, owner: 1, ships: 141
 461: Player 2 launched 5 (left 0) ships from planet 1 to planet 2
I'll send 5 ships from planet Planet:1, owner: 2, ships: 5 to planet Planet:2, owner: 1, ships: 141
 462: Player 2 launched 5 (left 0) ships from planet 1 to planet 2
I'll send 5 ships from planet Planet:1, owner: 2, ships: 5 to planet Planet:2, owner: 1, ships: 141
 463: Player 2 launched 5 (left 0) ships from planet 1 to planet 2
I'll send 5 ships from planet Planet:1, owner: 2, ships: 5 to planet Planet:2, owner: 1, ships: 141
 464: Player 2 launched 5 (left 0) ships from planet 1 to planet 2
I'll send 5 ships from planet Planet:1, owner: 2, ships: 5 to planet Planet:2, owner: 1, ships: 141
 465: Player 2 launched 5 (left 0) ships from planet 1 to planet 2
I'll send 5 ships from planet Planet:1, owner: 2, ships: 5 to planet Planet:2, owner: 1, ships: 141
 466: Player 2 launched 5 (left 0) ships from planet 1 to planet 2
I'll send 5 ships from planet Planet:1, owner: 2, ships: 5 to planet Planet:2, owner: 1, ships: 141
 467: Player 2 launched 5 (left 0) ships from planet 1 to planet 2
I'll send 5 ships from planet Planet:1, owner: 2, ships: 5 to planet Planet:2, owner: 1, ships: 141
 468: Player 2 launched 5 (left 0) ships from planet 1 to planet 2
I'll send 5 ships from planet Planet:1, owner: 2, ships: 5 to planet Planet:2, owner: 1, ships: 141
 469: Player 2 launched 5 (left 0) ships from planet 1 to planet 2
I'll send 5 ships from planet Planet:1, owner: 2, ships: 5 to planet Planet:2, owner: 1, ships: 141
 470: Player 2 launched 5 (left 0) ships from planet 1 to planet 2
I'll send 5 ships from planet Planet:1, owner: 2, ships: 5 to planet Planet:2, owner: 1, ships: 141
 471: Player 2 launched 5 (left 0) ships from planet 1 to planet 2
I'll send 5 ships from planet Planet:1, owner: 2, ships: 5 to planet Planet:2, owner: 1, ships: 141
 472: Player 2 launched 5 (left 0) ships from planet 1 to planet 2
I'll send 5 ships from planet Planet:1, owner: 2, ships: 5 to planet Planet:2, owner: 1, ships: 141
 473: Player 2 launched 5 (left 0) ships from planet 1 to planet 2
I'll send 5 ships from planet Planet:1, owner: 2, ships: 5 to planet Planet:2, owner: 1, ships: 141
 474: Player 2 launched 5 (left 0) ships from planet 1 to planet 2
I'll send 5 ships from planet Planet:1, owner: 2, ships: 5 to planet Planet:2, owner: 1, ships: 141
 475: Player 2 launched 5 (left 0) ships from planet 1 to planet 2
I'll send 5 ships from planet Planet:1, owner: 2, ships: 5 to planet Planet:2, owner: 1, ships: 141
 476: Player 2 launched 5 (left 0) ships from planet 1 to planet 2
I'll send 5 ships from planet Planet:1, owner: 2, ships: 5 to planet Planet:2, owner: 1, ships: 141
 477: Player 2 launched 5 (left 0) ships from planet 1 to planet 2
I'll send 5 ships from planet Planet:1, owner: 2, ships: 5 to planet Planet:2, owner: 1, ships: 141
 478: Player 2 launched 5 (left 0) ships from planet 1 to planet 2
I'll send 5 ships from planet Planet:1, owner: 2, ships: 5 to planet Planet:2, owner: 1, ships: 141
 479: Player 2 launched 5 (left 0) ships from planet 1 to planet 2
I'll send 5 ships from planet Planet:1, owner: 2, ships: 5 to planet Planet:2, owner: 1, ships: 141
 480: Player 2 launched 5 (left 0) ships from planet 1 to planet 2
I'll send 5 ships from planet Planet:1, owner: 2, ships: 5 to planet Planet:2, owner: 1, ships: 141
 481: Player 2 launched 5 (left 0) ships from planet 1 to planet 2
I'll send 5 ships from planet Planet:1, owner: 2, ships: 5 to planet Planet:2, owner: 1, ships: 141
 482: Player 2 launched 5 (left 0) ships from planet 1 to planet 2
I'll send 5 ships from planet Planet:1, owner: 2, ships: 5 to planet Planet:2, owner: 1, ships: 141
 483: Player 2 launched 5 (left 0) ships from planet 1 to planet 2
I'll send 5 ships from planet Planet:1, owner: 2, ships: 5 to planet Planet:2, owner: 1, ships: 141
 484: Player 2 launched 5 (left 0) ships from planet 1 to planet 2
I'll send 5 ships from planet Planet:1, owner: 2, ships: 5 to planet Planet:2, owner: 1, ships: 141
 485: Player 2 launched 5 (left 0) ships from planet 1 to planet 2
I'll send 5 ships from planet Planet:1, owner: 2, ships: 5 to planet Planet:2, owner: 1, ships: 141
 486: Player 2 launched 5 (left 0) ships from planet 1 to planet 2
I'll send 5 ships from planet Planet:1, owner: 2, ships: 5 to planet Planet:2, owner: 1, ships: 141
 487: Player 2 launched 5 (left 0) ships from planet 1 to planet 2
I'll send 5 ships from planet Planet:1, owner: 2, ships: 5 to planet Planet:2, owner: 1, ships: 141
 488: Player 2 launched 5 (left 0) ships from planet 1 to planet 2
I'll send 5 ships from planet Planet:1, owner: 2, ships: 5 to planet Planet:2, owner: 1, ships: 141
 489: Player 2 launched 5 (left 0) ships from planet 1 to planet 2
I'll send 5 ships from planet Planet:1, owner: 2, ships: 5 to planet Planet:2, owner: 1, ships: 141
 490: Player 2 launched 5 (left 0) ships from planet 1 to planet 2
I'll send 5 ships from planet Planet:1, owner: 2, ships: 5 to planet Planet:2, owner: 1, ships: 141
 491: Player 2 launched 5 (left 0) ships from planet 1 to planet 2
I'll send 5 ships from planet Planet:1, owner: 2, ships: 5 to planet Planet:2, owner: 1, ships: 141
 492: Player 2 launched 5 (left 0) ships from planet 1 to planet 2
I'll send 5 ships from planet Planet:1, owner: 2, ships: 5 to planet Planet:2, owner: 1, ships: 141
 493: Player 2 launched 5 (left 0) ships from planet 1 to planet 2
I'll send 5 ships from planet Planet:1, owner: 2, ships: 5 to planet Planet:2, owner: 1, ships: 141
 494: Player 2 launched 5 (left 0) ships from planet 1 to planet 2
I'll send 5 ships from planet Planet:1, owner: 2, ships: 5 to planet Planet:2, owner: 1, ships: 141
 495: Player 2 launched 5 (left 0) ships from planet 1 to planet 2
I'll send 5 ships from planet Planet:1, owner: 2, ships: 5 to planet Planet:2, owner: 1, ships: 141
 496: Player 2 launched 5 (left 0) ships from planet 1 to planet 2
I'll send 5 ships from planet Planet:1, owner: 2, ships: 5 to planet Planet:2, owner: 1, ships: 141
 497: Player 2 launched 5 (left 0) ships from planet 1 to planet 2
I'll send 5 ships from planet Planet:1, owner: 2, ships: 5 to planet Planet:2, owner: 1, ships: 141
 498: Player 2 launched 5 (left 0) ships from planet 1 to planet 2
I'll send 5 ships from planet Planet:1, owner: 2, ships: 5 to planet Planet:2, owner: 1, ships: 141
 499: Player 2 launched 5 (left 0) ships from planet 1 to planet 2
